{"C:\\Projets\\template-crm\\src\\order\\order.controller.ts": {"path":"C:\\Projets\\template-crm\\src\\order\\order.controller.ts","statementMap":{"0":{"start":{"line":1,"column":0},"end":{"line":1,"column":126}},"1":{"start":{"line":2,"column":0},"end":{"line":2,"column":53}},"2":{"start":{"line":3,"column":0},"end":{"line":3,"column":62}},"3":{"start":{"line":4,"column":0},"end":{"line":4,"column":62}},"4":{"start":{"line":5,"column":0},"end":{"line":5,"column":54}},"5":{"start":{"line":8,"column":7},"end":{"line":44,"column":null}},"6":{"start":{"line":9,"column":31},"end":{"line":9,"column":45}},"7":{"start":{"line":15,"column":4},"end":{"line":15,"column":75}},"8":{"start":{"line":22,"column":19},"end":{"line":22,"column":52}},"9":{"start":{"line":23,"column":4},"end":{"line":23,"column":null}},"10":{"start":{"line":23,"column":31},"end":{"line":23,"column":53}},"11":{"start":{"line":29,"column":4},"end":{"line":29,"column":70}},"12":{"start":{"line":36,"column":4},"end":{"line":36,"column":84}},"13":{"start":{"line":41,"column":4},"end":{"line":41,"column":44}},"14":{"start":{"line":42,"column":4},"end":{"line":42,"column":null}},"15":{"start":{"line":8,"column":13},"end":{"line":8,"column":28}},"16":{"start":{"line":13,"column":8},"end":{"line":16,"column":null}},"17":{"start":{"line":20,"column":8},"end":{"line":24,"column":null}},"18":{"start":{"line":28,"column":8},"end":{"line":30,"column":null}},"19":{"start":{"line":34,"column":8},"end":{"line":37,"column":null}},"20":{"start":{"line":40,"column":8},"end":{"line":43,"column":null}},"21":{"start":{"line":8,"column":13},"end":{"line":44,"column":null}}},"fnMap":{"0":{"name":"(anonymous_4)","decl":{"start":{"line":9,"column":2},"end":{"line":9,"column":31}},"loc":{"start":{"line":9,"column":57},"end":{"line":9,"column":61}}},"1":{"name":"(anonymous_5)","decl":{"start":{"line":13,"column":2},"end":{"line":13,"column":7}},"loc":{"start":{"line":13,"column":53},"end":{"line":16,"column":3}}},"2":{"name":"(anonymous_6)","decl":{"start":{"line":20,"column":2},"end":{"line":20,"column":7}},"loc":{"start":{"line":20,"column":15},"end":{"line":24,"column":3}}},"3":{"name":"(anonymous_7)","decl":{"start":{"line":23,"column":22},"end":{"line":23,"column":27}},"loc":{"start":{"line":23,"column":31},"end":{"line":23,"column":53}}},"4":{"name":"(anonymous_8)","decl":{"start":{"line":28,"column":2},"end":{"line":28,"column":7}},"loc":{"start":{"line":28,"column":44},"end":{"line":30,"column":3}}},"5":{"name":"(anonymous_9)","decl":{"start":{"line":34,"column":2},"end":{"line":34,"column":7}},"loc":{"start":{"line":34,"column":83},"end":{"line":37,"column":3}}},"6":{"name":"(anonymous_10)","decl":{"start":{"line":40,"column":2},"end":{"line":40,"column":7}},"loc":{"start":{"line":40,"column":43},"end":{"line":43,"column":3}}}},"branchMap":{},"s":{"0":1,"1":1,"2":1,"3":1,"4":1,"5":1,"6":5,"7":1,"8":1,"9":1,"10":1,"11":1,"12":1,"13":1,"14":1,"15":1,"16":1,"17":1,"18":1,"19":1,"20":1,"21":1},"f":{"0":5,"1":1,"2":1,"3":1,"4":1,"5":1,"6":1},"b":{}}
,"C:\\Projets\\template-crm\\src\\order\\order.service.ts": {"path":"C:\\Projets\\template-crm\\src\\order\\order.service.ts","statementMap":{"0":{"start":{"line":1,"column":0},"end":{"line":1,"column":103}},"1":{"start":{"line":4,"column":0},"end":{"line":4,"column":73}},"2":{"start":{"line":8,"column":7},"end":{"line":133,"column":null}},"3":{"start":{"line":10,"column":31},"end":{"line":10,"column":52}},"4":{"start":{"line":14,"column":21},"end":{"line":14,"column":35}},"5":{"start":{"line":16,"column":6},"end":{"line":16,"column":34}},"6":{"start":{"line":18,"column":6},"end":{"line":36,"column":null}},"7":{"start":{"line":19,"column":9},"end":{"line":33,"column":null}},"8":{"start":{"line":25,"column":69},"end":{"line":25,"column":82}},"9":{"start":{"line":28,"column":63},"end":{"line":28,"column":73}},"10":{"start":{"line":35,"column":8},"end":{"line":35,"column":45}},"11":{"start":{"line":41,"column":4},"end":{"line":41,"column":95}},"12":{"start":{"line":45,"column":18},"end":{"line":45,"column":127}},"13":{"start":{"line":46,"column":4},"end":{"line":48,"column":null}},"14":{"start":{"line":47,"column":8},"end":{"line":47,"column":70}},"15":{"start":{"line":49,"column":4},"end":{"line":49,"column":17}},"16":{"start":{"line":54,"column":18},"end":{"line":54,"column":46}},"17":{"start":{"line":56,"column":29},"end":{"line":56,"column":128}},"18":{"start":{"line":56,"column":55},"end":{"line":56,"column":66}},"19":{"start":{"line":56,"column":87},"end":{"line":56,"column":127}},"20":{"start":{"line":57,"column":32},"end":{"line":57,"column":152}},"21":{"start":{"line":57,"column":64},"end":{"line":57,"column":81}},"22":{"start":{"line":57,"column":105},"end":{"line":57,"column":151}},"23":{"start":{"line":59,"column":4},"end":{"line":85,"column":null}},"24":{"start":{"line":60,"column":27},"end":{"line":75,"column":null}},"25":{"start":{"line":68,"column":63},"end":{"line":68,"column":76}},"26":{"start":{"line":71,"column":58},"end":{"line":71,"column":68}},"27":{"start":{"line":78,"column":6},"end":{"line":78,"column":54}},"28":{"start":{"line":80,"column":6},"end":{"line":80,"column":60}},"29":{"start":{"line":82,"column":6},"end":{"line":82,"column":26}},"30":{"start":{"line":84,"column":6},"end":{"line":84,"column":43}},"31":{"start":{"line":90,"column":18},"end":{"line":90,"column":46}},"32":{"start":{"line":91,"column":4},"end":{"line":101,"column":null}},"33":{"start":{"line":92,"column":27},"end":{"line":95,"column":8}},"34":{"start":{"line":96,"column":6},"end":{"line":96,"column":64}},"35":{"start":{"line":97,"column":6},"end":{"line":97,"column":58}},"36":{"start":{"line":98,"column":6},"end":{"line":98,"column":19}},"37":{"start":{"line":100,"column":6},"end":{"line":100,"column":43}},"38":{"start":{"line":106,"column":21},"end":{"line":106,"column":124}},"39":{"start":{"line":107,"column":24},"end":{"line":107,"column":68}},"40":{"start":{"line":107,"column":50},"end":{"line":107,"column":67}},"41":{"start":{"line":108,"column":22},"end":{"line":108,"column":96}},"42":{"start":{"line":108,"column":48},"end":{"line":108,"column":95}},"43":{"start":{"line":108,"column":80},"end":{"line":108,"column":94}},"44":{"start":{"line":109,"column":4},"end":{"line":112,"column":7}},"45":{"start":{"line":117,"column":18},"end":{"line":117,"column":112}},"46":{"start":{"line":118,"column":20},"end":{"line":118,"column":52}},"47":{"start":{"line":118,"column":40},"end":{"line":118,"column":51}},"48":{"start":{"line":119,"column":22},"end":{"line":119,"column":87}},"49":{"start":{"line":119,"column":42},"end":{"line":119,"column":86}},"50":{"start":{"line":119,"column":71},"end":{"line":119,"column":85}},"51":{"start":{"line":120,"column":4},"end":{"line":123,"column":7}},"52":{"start":{"line":128,"column":27},"end":{"line":128,"column":94}},"53":{"start":{"line":129,"column":4},"end":{"line":131,"column":null}},"54":{"start":{"line":130,"column":8},"end":{"line":130,"column":64}},"55":{"start":{"line":8,"column":13},"end":{"line":8,"column":25}},"56":{"start":{"line":8,"column":13},"end":{"line":133,"column":null}}},"fnMap":{"0":{"name":"(anonymous_2)","decl":{"start":{"line":10,"column":2},"end":{"line":10,"column":31}},"loc":{"start":{"line":10,"column":71},"end":{"line":10,"column":74}}},"1":{"name":"(anonymous_3)","decl":{"start":{"line":12,"column":2},"end":{"line":12,"column":7}},"loc":{"start":{"line":12,"column":45},"end":{"line":37,"column":3}}},"2":{"name":"(anonymous_4)","decl":{"start":{"line":25,"column":53},"end":{"line":25,"column":54}},"loc":{"start":{"line":25,"column":69},"end":{"line":25,"column":82}}},"3":{"name":"(anonymous_5)","decl":{"start":{"line":28,"column":50},"end":{"line":28,"column":51}},"loc":{"start":{"line":28,"column":63},"end":{"line":28,"column":73}}},"4":{"name":"(anonymous_6)","decl":{"start":{"line":39,"column":2},"end":{"line":39,"column":7}},"loc":{"start":{"line":39,"column":15},"end":{"line":42,"column":3}}},"5":{"name":"(anonymous_7)","decl":{"start":{"line":44,"column":2},"end":{"line":44,"column":7}},"loc":{"start":{"line":44,"column":32},"end":{"line":50,"column":3}}},"6":{"name":"(anonymous_8)","decl":{"start":{"line":52,"column":2},"end":{"line":52,"column":7}},"loc":{"start":{"line":52,"column":62},"end":{"line":86,"column":3}}},"7":{"name":"(anonymous_9)","decl":{"start":{"line":56,"column":45},"end":{"line":56,"column":46}},"loc":{"start":{"line":56,"column":55},"end":{"line":56,"column":66}}},"8":{"name":"(anonymous_10)","decl":{"start":{"line":56,"column":75},"end":{"line":56,"column":76}},"loc":{"start":{"line":56,"column":87},"end":{"line":56,"column":127}}},"9":{"name":"(anonymous_11)","decl":{"start":{"line":57,"column":51},"end":{"line":57,"column":52}},"loc":{"start":{"line":57,"column":64},"end":{"line":57,"column":81}}},"10":{"name":"(anonymous_12)","decl":{"start":{"line":57,"column":90},"end":{"line":57,"column":91}},"loc":{"start":{"line":57,"column":105},"end":{"line":57,"column":151}}},"11":{"name":"(anonymous_13)","decl":{"start":{"line":68,"column":47},"end":{"line":68,"column":48}},"loc":{"start":{"line":68,"column":63},"end":{"line":68,"column":76}}},"12":{"name":"(anonymous_14)","decl":{"start":{"line":71,"column":45},"end":{"line":71,"column":46}},"loc":{"start":{"line":71,"column":58},"end":{"line":71,"column":68}}},"13":{"name":"(anonymous_15)","decl":{"start":{"line":88,"column":2},"end":{"line":88,"column":7}},"loc":{"start":{"line":88,"column":30},"end":{"line":102,"column":3}}},"14":{"name":"(anonymous_16)","decl":{"start":{"line":104,"column":10},"end":{"line":104,"column":15}},"loc":{"start":{"line":104,"column":82},"end":{"line":113,"column":3}}},"15":{"name":"(anonymous_17)","decl":{"start":{"line":107,"column":37},"end":{"line":107,"column":38}},"loc":{"start":{"line":107,"column":50},"end":{"line":107,"column":67}}},"16":{"name":"(anonymous_18)","decl":{"start":{"line":108,"column":35},"end":{"line":108,"column":36}},"loc":{"start":{"line":108,"column":48},"end":{"line":108,"column":95}}},"17":{"name":"(anonymous_19)","decl":{"start":{"line":108,"column":72},"end":{"line":108,"column":73}},"loc":{"start":{"line":108,"column":80},"end":{"line":108,"column":94}}},"18":{"name":"(anonymous_20)","decl":{"start":{"line":115,"column":10},"end":{"line":115,"column":15}},"loc":{"start":{"line":115,"column":76},"end":{"line":124,"column":3}}},"19":{"name":"(anonymous_21)","decl":{"start":{"line":118,"column":30},"end":{"line":118,"column":31}},"loc":{"start":{"line":118,"column":40},"end":{"line":118,"column":51}}},"20":{"name":"(anonymous_22)","decl":{"start":{"line":119,"column":32},"end":{"line":119,"column":33}},"loc":{"start":{"line":119,"column":42},"end":{"line":119,"column":86}}},"21":{"name":"(anonymous_23)","decl":{"start":{"line":119,"column":63},"end":{"line":119,"column":64}},"loc":{"start":{"line":119,"column":71},"end":{"line":119,"column":85}}},"22":{"name":"(anonymous_24)","decl":{"start":{"line":126,"column":10},"end":{"line":126,"column":15}},"loc":{"start":{"line":126,"column":39},"end":{"line":132,"column":3}}}},"branchMap":{"0":{"loc":{"start":{"line":46,"column":4},"end":{"line":48,"column":null}},"type":"if","locations":[{"start":{"line":46,"column":4},"end":{"line":48,"column":null}}]},"1":{"loc":{"start":{"line":129,"column":4},"end":{"line":131,"column":null}},"type":"if","locations":[{"start":{"line":129,"column":4},"end":{"line":131,"column":null}}]}},"s":{"0":2,"1":2,"2":2,"3":10,"4":3,"5":3,"6":2,"7":2,"8":2,"9":2,"10":1,"11":1,"12":6,"13":6,"14":1,"15":5,"16":2,"17":2,"18":0,"19":0,"20":2,"21":0,"22":0,"23":2,"24":2,"25":2,"26":2,"27":1,"28":1,"29":1,"30":1,"31":2,"32":2,"33":2,"34":1,"35":1,"36":1,"37":1,"38":2,"39":2,"40":2,"41":2,"42":2,"43":2,"44":2,"45":2,"46":2,"47":2,"48":2,"49":2,"50":2,"51":2,"52":3,"53":3,"54":1,"55":2,"56":2},"f":{"0":10,"1":3,"2":2,"3":2,"4":1,"5":6,"6":2,"7":0,"8":0,"9":0,"10":0,"11":2,"12":2,"13":2,"14":2,"15":2,"16":2,"17":2,"18":2,"19":2,"20":2,"21":2,"22":3},"b":{"0":[1],"1":[1]}}
,"C:\\Projets\\template-crm\\src\\order\\dto\\create-order.dto.ts": {"path":"C:\\Projets\\template-crm\\src\\order\\dto\\create-order.dto.ts","statementMap":{"0":{"start":{"line":1,"column":0},"end":{"line":1,"column":95}},"1":{"start":{"line":2,"column":0},"end":{"line":2,"column":63}},"2":{"start":{"line":3,"column":0},"end":{"line":3,"column":65}},"3":{"start":{"line":4,"column":0},"end":{"line":4,"column":13}},"4":{"start":{"line":8,"column":13},"end":{"line":8,"column":null}},"5":{"start":{"line":12,"column":13},"end":{"line":12,"column":null}},"6":{"start":{"line":16,"column":13},"end":{"line":16,"column":null}},"7":{"start":{"line":20,"column":13},"end":{"line":20,"column":null}},"8":{"start":{"line":24,"column":13},"end":{"line":24,"column":null}},"9":{"start":{"line":28,"column":13},"end":{"line":28,"column":null}},"10":{"start":{"line":32,"column":13},"end":{"line":32,"column":null}},"11":{"start":{"line":36,"column":13},"end":{"line":36,"column":null}},"12":{"start":{"line":40,"column":13},"end":{"line":40,"column":null}},"13":{"start":{"line":44,"column":13},"end":{"line":44,"column":null}}},"fnMap":{},"branchMap":{},"s":{"0":1,"1":1,"2":1,"3":1,"4":1,"5":1,"6":1,"7":1,"8":1,"9":1,"10":1,"11":1,"12":1,"13":1},"f":{},"b":{}}
,"C:\\Projets\\template-crm\\src\\order\\dto\\outputOrder.ts": {"path":"C:\\Projets\\template-crm\\src\\order\\dto\\outputOrder.ts","statementMap":{"0":{"start":{"line":4,"column":0},"end":{"line":4,"column":43}},"1":{"start":{"line":25,"column":7},"end":{"line":25,"column":36}},"2":{"start":{"line":6,"column":0},"end":{"line":6,"column":13}},"3":{"start":{"line":15,"column":13},"end":{"line":15,"column":null}},"4":{"start":{"line":17,"column":13},"end":{"line":17,"column":null}}},"fnMap":{"0":{"name":"(anonymous_2)","decl":{"start":{"line":24,"column":4},"end":{"line":24,"column":16}},"loc":{"start":{"line":24,"column":45},"end":{"line":26,"column":4}}}},"branchMap":{},"s":{"0":1,"1":4,"2":1,"3":1,"4":1},"f":{"0":4},"b":{}}
,"C:\\Projets\\template-crm\\src\\order\\dto\\update-order.dto.ts": {"path":"C:\\Projets\\template-crm\\src\\order\\dto\\update-order.dto.ts","statementMap":{"0":{"start":{"line":1,"column":0},"end":{"line":1,"column":46}},"1":{"start":{"line":2,"column":0},"end":{"line":2,"column":62}},"2":{"start":{"line":4,"column":0},"end":{"line":4,"column":13}}},"fnMap":{},"branchMap":{},"s":{"0":1,"1":1,"2":1},"f":{},"b":{}}
,"C:\\Projets\\template-crm\\src\\order\\entities\\address.entity.ts": {"path":"C:\\Projets\\template-crm\\src\\order\\entities\\address.entity.ts","statementMap":{"0":{"start":{"line":1,"column":0},"end":{"line":1,"column":13}}},"fnMap":{},"branchMap":{},"s":{"0":1},"f":{},"b":{}}
,"C:\\Projets\\template-crm\\src\\order\\entities\\pictures.entity.ts": {"path":"C:\\Projets\\template-crm\\src\\order\\entities\\pictures.entity.ts","statementMap":{"0":{"start":{"line":1,"column":0},"end":{"line":1,"column":13}}},"fnMap":{},"branchMap":{},"s":{"0":1},"f":{},"b":{}}
,"C:\\Projets\\template-crm\\src\\order\\mocks\\order.service.mock.ts": {"path":"C:\\Projets\\template-crm\\src\\order\\mocks\\order.service.mock.ts","statementMap":{"0":{"start":{"line":1,"column":0},"end":{"line":1,"column":71}},"1":{"start":{"line":4,"column":4},"end":{"line":4,"column":null}},"2":{"start":{"line":5,"column":4},"end":{"line":5,"column":null}},"3":{"start":{"line":6,"column":4},"end":{"line":6,"column":null}},"4":{"start":{"line":7,"column":4},"end":{"line":7,"column":null}},"5":{"start":{"line":8,"column":4},"end":{"line":8,"column":null}},"6":{"start":{"line":3,"column":0},"end":{"line":3,"column":13}}},"fnMap":{"0":{"name":"(anonymous_0)","decl":{"start":{"line":3,"column":0},"end":{"line":3,"column":13}},"loc":{"start":{"line":3,"column":0},"end":{"line":9,"column":1}}}},"branchMap":{},"s":{"0":1,"1":5,"2":5,"3":5,"4":5,"5":5,"6":1},"f":{"0":5},"b":{}}
,"C:\\Projets\\template-crm\\src\\order\\mocks\\entitiesMock\\entities.mock.ts": {"path":"C:\\Projets\\template-crm\\src\\order\\mocks\\entitiesMock\\entities.mock.ts","statementMap":{"0":{"start":{"line":6,"column":35},"end":{"line":10,"column":2}},"1":{"start":{"line":12,"column":43},"end":{"line":17,"column":null}},"2":{"start":{"line":19,"column":44},"end":{"line":24,"column":null}},"3":{"start":{"line":26,"column":13},"end":{"line":37,"column":2}},"4":{"start":{"line":39,"column":13},"end":{"line":55,"column":2}},"5":{"start":{"line":57,"column":13},"end":{"line":70,"column":null}}},"fnMap":{},"branchMap":{},"s":{"0":2,"1":2,"2":2,"3":2,"4":2,"5":2},"f":{},"b":{}}
,"C:\\Projets\\template-crm\\src\\repositories\\repositories.service.ts": {"path":"C:\\Projets\\template-crm\\src\\repositories\\repositories.service.ts","statementMap":{"0":{"start":{"line":1,"column":0},"end":{"line":1,"column":44}},"1":{"start":{"line":2,"column":0},"end":{"line":2,"column":52}},"2":{"start":{"line":3,"column":0},"end":{"line":3,"column":46}},"3":{"start":{"line":5,"column":7},"end":{"line":17,"column":null}},"4":{"start":{"line":7,"column":8},"end":{"line":15,"column":null}},"5":{"start":{"line":5,"column":13},"end":{"line":5,"column":32}},"6":{"start":{"line":5,"column":13},"end":{"line":17,"column":null}}},"fnMap":{"0":{"name":"(anonymous_2)","decl":{"start":{"line":6,"column":4},"end":{"line":6,"column":16}},"loc":{"start":{"line":6,"column":44},"end":{"line":16,"column":5}}}},"branchMap":{},"s":{"0":2,"1":2,"2":2,"3":2,"4":0,"5":2,"6":2},"f":{"0":0},"b":{}}
,"C:\\Projets\\template-crm\\src\\repositories\\mocks\\repositories.service.mock.ts": {"path":"C:\\Projets\\template-crm\\src\\repositories\\mocks\\repositories.service.mock.ts","statementMap":{"0":{"start":{"line":1,"column":0},"end":{"line":1,"column":100}},"1":{"start":{"line":4,"column":4},"end":{"line":11,"column":null}},"2":{"start":{"line":13,"column":4},"end":{"line":16,"column":null}},"3":{"start":{"line":18,"column":4},"end":{"line":21,"column":null}},"4":{"start":{"line":3,"column":0},"end":{"line":3,"column":13}}},"fnMap":{"0":{"name":"(anonymous_0)","decl":{"start":{"line":3,"column":0},"end":{"line":3,"column":13}},"loc":{"start":{"line":3,"column":0},"end":{"line":22,"column":1}}}},"branchMap":{},"s":{"0":1,"1":10,"2":10,"3":10,"4":1},"f":{"0":10},"b":{}}
}
