{"C:\\Projets\\template-crm\\src\\app.controller.ts": {"path":"C:\\Projets\\template-crm\\src\\app.controller.ts","statementMap":{"0":{"start":{"line":1,"column":0},"end":{"line":1,"column":49}},"1":{"start":{"line":2,"column":0},"end":{"line":2,"column":43}},"2":{"start":{"line":5,"column":7},"end":{"line":12,"column":null}},"3":{"start":{"line":6,"column":31},"end":{"line":6,"column":43}},"4":{"start":{"line":10,"column":4},"end":{"line":10,"column":38}},"5":{"start":{"line":5,"column":13},"end":{"line":5,"column":26}},"6":{"start":{"line":9,"column":2},"end":{"line":11,"column":null}},"7":{"start":{"line":5,"column":13},"end":{"line":12,"column":null}}},"fnMap":{"0":{"name":"(anonymous_2)","decl":{"start":{"line":6,"column":2},"end":{"line":6,"column":31}},"loc":{"start":{"line":6,"column":53},"end":{"line":6,"column":57}}},"1":{"name":"(anonymous_3)","decl":{"start":{"line":9,"column":2},"end":{"line":9,"column":10}},"loc":{"start":{"line":9,"column":10},"end":{"line":11,"column":3}}}},"branchMap":{},"s":{"0":1,"1":1,"2":1,"3":1,"4":1,"5":1,"6":1,"7":1},"f":{"0":1,"1":1},"b":{}}
,"C:\\Projets\\template-crm\\src\\app.module.ts": {"path":"C:\\Projets\\template-crm\\src\\app.module.ts","statementMap":{"0":{"start":{"line":1,"column":0},"end":{"line":1,"column":40}},"1":{"start":{"line":2,"column":0},"end":{"line":2,"column":49}},"2":{"start":{"line":3,"column":0},"end":{"line":3,"column":43}},"3":{"start":{"line":4,"column":0},"end":{"line":4,"column":51}},"4":{"start":{"line":5,"column":0},"end":{"line":5,"column":68}},"5":{"start":{"line":6,"column":0},"end":{"line":6,"column":60}},"6":{"start":{"line":7,"column":0},"end":{"line":7,"column":72}},"7":{"start":{"line":8,"column":0},"end":{"line":8,"column":46}},"8":{"start":{"line":9,"column":0},"end":{"line":9,"column":62}},"9":{"start":{"line":10,"column":0},"end":{"line":10,"column":40}},"10":{"start":{"line":11,"column":0},"end":{"line":11,"column":63}},"11":{"start":{"line":12,"column":0},"end":{"line":12,"column":51}},"12":{"start":{"line":19,"column":7},"end":{"line":19,"column":null}},"13":{"start":{"line":19,"column":13},"end":{"line":19,"column":22}},"14":{"start":{"line":19,"column":13},"end":{"line":19,"column":null}}},"fnMap":{},"branchMap":{},"s":{"0":1,"1":1,"2":1,"3":1,"4":1,"5":1,"6":1,"7":1,"8":1,"9":1,"10":1,"11":1,"12":1,"13":1,"14":1},"f":{},"b":{}}
,"C:\\Projets\\template-crm\\src\\app.service.ts": {"path":"C:\\Projets\\template-crm\\src\\app.service.ts","statementMap":{"0":{"start":{"line":1,"column":0},"end":{"line":1,"column":44}},"1":{"start":{"line":4,"column":7},"end":{"line":8,"column":null}},"2":{"start":{"line":6,"column":4},"end":{"line":6,"column":26}},"3":{"start":{"line":4,"column":13},"end":{"line":4,"column":23}},"4":{"start":{"line":4,"column":13},"end":{"line":8,"column":null}}},"fnMap":{"0":{"name":"(anonymous_1)","decl":{"start":{"line":5,"column":2},"end":{"line":5,"column":10}},"loc":{"start":{"line":5,"column":10},"end":{"line":7,"column":3}}}},"branchMap":{},"s":{"0":1,"1":1,"2":1,"3":1,"4":1},"f":{"0":1},"b":{}}
,"C:\\Projets\\template-crm\\src\\order\\order.controller.ts": {"path":"C:\\Projets\\template-crm\\src\\order\\order.controller.ts","statementMap":{"0":{"start":{"line":1,"column":0},"end":{"line":1,"column":137}},"1":{"start":{"line":2,"column":0},"end":{"line":2,"column":53}},"2":{"start":{"line":3,"column":0},"end":{"line":3,"column":62}},"3":{"start":{"line":4,"column":0},"end":{"line":4,"column":62}},"4":{"start":{"line":5,"column":0},"end":{"line":5,"column":62}},"5":{"start":{"line":6,"column":0},"end":{"line":6,"column":49}},"6":{"start":{"line":9,"column":7},"end":{"line":50,"column":null}},"7":{"start":{"line":10,"column":31},"end":{"line":10,"column":45}},"8":{"start":{"line":17,"column":4},"end":{"line":17,"column":78}},"9":{"start":{"line":25,"column":19},"end":{"line":25,"column":52}},"10":{"start":{"line":26,"column":4},"end":{"line":26,"column":null}},"11":{"start":{"line":26,"column":31},"end":{"line":26,"column":56}},"12":{"start":{"line":33,"column":4},"end":{"line":33,"column":73}},"13":{"start":{"line":41,"column":4},"end":{"line":41,"column":87}},"14":{"start":{"line":47,"column":4},"end":{"line":47,"column":44}},"15":{"start":{"line":48,"column":4},"end":{"line":48,"column":null}},"16":{"start":{"line":9,"column":13},"end":{"line":9,"column":28}},"17":{"start":{"line":15,"column":8},"end":{"line":18,"column":null}},"18":{"start":{"line":23,"column":8},"end":{"line":27,"column":null}},"19":{"start":{"line":32,"column":8},"end":{"line":34,"column":null}},"20":{"start":{"line":39,"column":8},"end":{"line":42,"column":null}},"21":{"start":{"line":46,"column":8},"end":{"line":49,"column":null}},"22":{"start":{"line":9,"column":13},"end":{"line":50,"column":null}}},"fnMap":{"0":{"name":"(anonymous_4)","decl":{"start":{"line":10,"column":2},"end":{"line":10,"column":31}},"loc":{"start":{"line":10,"column":57},"end":{"line":10,"column":61}}},"1":{"name":"(anonymous_5)","decl":{"start":{"line":15,"column":2},"end":{"line":15,"column":7}},"loc":{"start":{"line":15,"column":53},"end":{"line":18,"column":3}}},"2":{"name":"(anonymous_6)","decl":{"start":{"line":23,"column":2},"end":{"line":23,"column":7}},"loc":{"start":{"line":23,"column":15},"end":{"line":27,"column":3}}},"3":{"name":"(anonymous_7)","decl":{"start":{"line":26,"column":22},"end":{"line":26,"column":27}},"loc":{"start":{"line":26,"column":31},"end":{"line":26,"column":56}}},"4":{"name":"(anonymous_8)","decl":{"start":{"line":32,"column":2},"end":{"line":32,"column":7}},"loc":{"start":{"line":32,"column":44},"end":{"line":34,"column":3}}},"5":{"name":"(anonymous_9)","decl":{"start":{"line":39,"column":2},"end":{"line":39,"column":7}},"loc":{"start":{"line":39,"column":83},"end":{"line":42,"column":3}}},"6":{"name":"(anonymous_10)","decl":{"start":{"line":46,"column":2},"end":{"line":46,"column":7}},"loc":{"start":{"line":46,"column":43},"end":{"line":49,"column":3}}}},"branchMap":{},"s":{"0":1,"1":1,"2":1,"3":1,"4":1,"5":1,"6":1,"7":1,"8":0,"9":0,"10":0,"11":0,"12":0,"13":0,"14":0,"15":0,"16":1,"17":1,"18":1,"19":1,"20":1,"21":1,"22":1},"f":{"0":1,"1":0,"2":0,"3":0,"4":0,"5":0,"6":0},"b":{}}
,"C:\\Projets\\template-crm\\src\\order\\order.module.ts": {"path":"C:\\Projets\\template-crm\\src\\order\\order.module.ts","statementMap":{"0":{"start":{"line":1,"column":0},"end":{"line":1,"column":40}},"1":{"start":{"line":2,"column":0},"end":{"line":2,"column":53}},"2":{"start":{"line":3,"column":0},"end":{"line":3,"column":59}},"3":{"start":{"line":4,"column":0},"end":{"line":4,"column":40}},"4":{"start":{"line":11,"column":7},"end":{"line":11,"column":null}},"5":{"start":{"line":11,"column":13},"end":{"line":11,"column":24}},"6":{"start":{"line":11,"column":13},"end":{"line":11,"column":null}}},"fnMap":{},"branchMap":{},"s":{"0":1,"1":1,"2":1,"3":1,"4":1,"5":1,"6":1},"f":{},"b":{}}
,"C:\\Projets\\template-crm\\src\\order\\order.service.ts": {"path":"C:\\Projets\\template-crm\\src\\order\\order.service.ts","statementMap":{"0":{"start":{"line":1,"column":0},"end":{"line":1,"column":103}},"1":{"start":{"line":4,"column":0},"end":{"line":4,"column":73}},"2":{"start":{"line":8,"column":7},"end":{"line":133,"column":null}},"3":{"start":{"line":10,"column":31},"end":{"line":10,"column":52}},"4":{"start":{"line":14,"column":21},"end":{"line":14,"column":35}},"5":{"start":{"line":16,"column":6},"end":{"line":16,"column":34}},"6":{"start":{"line":18,"column":6},"end":{"line":36,"column":null}},"7":{"start":{"line":19,"column":9},"end":{"line":33,"column":null}},"8":{"start":{"line":25,"column":69},"end":{"line":25,"column":82}},"9":{"start":{"line":28,"column":63},"end":{"line":28,"column":73}},"10":{"start":{"line":35,"column":8},"end":{"line":35,"column":45}},"11":{"start":{"line":41,"column":4},"end":{"line":41,"column":95}},"12":{"start":{"line":45,"column":18},"end":{"line":45,"column":127}},"13":{"start":{"line":46,"column":4},"end":{"line":48,"column":null}},"14":{"start":{"line":47,"column":8},"end":{"line":47,"column":70}},"15":{"start":{"line":49,"column":4},"end":{"line":49,"column":17}},"16":{"start":{"line":54,"column":18},"end":{"line":54,"column":46}},"17":{"start":{"line":56,"column":29},"end":{"line":56,"column":128}},"18":{"start":{"line":56,"column":55},"end":{"line":56,"column":66}},"19":{"start":{"line":56,"column":87},"end":{"line":56,"column":127}},"20":{"start":{"line":57,"column":32},"end":{"line":57,"column":152}},"21":{"start":{"line":57,"column":64},"end":{"line":57,"column":81}},"22":{"start":{"line":57,"column":105},"end":{"line":57,"column":151}},"23":{"start":{"line":59,"column":4},"end":{"line":85,"column":null}},"24":{"start":{"line":60,"column":27},"end":{"line":75,"column":null}},"25":{"start":{"line":68,"column":63},"end":{"line":68,"column":76}},"26":{"start":{"line":71,"column":58},"end":{"line":71,"column":68}},"27":{"start":{"line":78,"column":6},"end":{"line":78,"column":54}},"28":{"start":{"line":80,"column":6},"end":{"line":80,"column":60}},"29":{"start":{"line":82,"column":6},"end":{"line":82,"column":26}},"30":{"start":{"line":84,"column":6},"end":{"line":84,"column":43}},"31":{"start":{"line":90,"column":18},"end":{"line":90,"column":46}},"32":{"start":{"line":91,"column":4},"end":{"line":101,"column":null}},"33":{"start":{"line":92,"column":27},"end":{"line":95,"column":8}},"34":{"start":{"line":96,"column":6},"end":{"line":96,"column":64}},"35":{"start":{"line":97,"column":6},"end":{"line":97,"column":58}},"36":{"start":{"line":98,"column":6},"end":{"line":98,"column":19}},"37":{"start":{"line":100,"column":6},"end":{"line":100,"column":43}},"38":{"start":{"line":106,"column":21},"end":{"line":106,"column":124}},"39":{"start":{"line":107,"column":24},"end":{"line":107,"column":68}},"40":{"start":{"line":107,"column":50},"end":{"line":107,"column":67}},"41":{"start":{"line":108,"column":22},"end":{"line":108,"column":96}},"42":{"start":{"line":108,"column":48},"end":{"line":108,"column":95}},"43":{"start":{"line":108,"column":80},"end":{"line":108,"column":94}},"44":{"start":{"line":109,"column":4},"end":{"line":112,"column":7}},"45":{"start":{"line":117,"column":18},"end":{"line":117,"column":112}},"46":{"start":{"line":118,"column":20},"end":{"line":118,"column":52}},"47":{"start":{"line":118,"column":40},"end":{"line":118,"column":51}},"48":{"start":{"line":119,"column":22},"end":{"line":119,"column":87}},"49":{"start":{"line":119,"column":42},"end":{"line":119,"column":86}},"50":{"start":{"line":119,"column":71},"end":{"line":119,"column":85}},"51":{"start":{"line":120,"column":4},"end":{"line":123,"column":7}},"52":{"start":{"line":128,"column":27},"end":{"line":128,"column":94}},"53":{"start":{"line":129,"column":4},"end":{"line":131,"column":null}},"54":{"start":{"line":130,"column":8},"end":{"line":130,"column":64}},"55":{"start":{"line":8,"column":13},"end":{"line":8,"column":25}},"56":{"start":{"line":8,"column":13},"end":{"line":133,"column":null}}},"fnMap":{"0":{"name":"(anonymous_2)","decl":{"start":{"line":10,"column":2},"end":{"line":10,"column":31}},"loc":{"start":{"line":10,"column":71},"end":{"line":10,"column":74}}},"1":{"name":"(anonymous_3)","decl":{"start":{"line":12,"column":2},"end":{"line":12,"column":7}},"loc":{"start":{"line":12,"column":45},"end":{"line":37,"column":3}}},"2":{"name":"(anonymous_4)","decl":{"start":{"line":25,"column":53},"end":{"line":25,"column":54}},"loc":{"start":{"line":25,"column":69},"end":{"line":25,"column":82}}},"3":{"name":"(anonymous_5)","decl":{"start":{"line":28,"column":50},"end":{"line":28,"column":51}},"loc":{"start":{"line":28,"column":63},"end":{"line":28,"column":73}}},"4":{"name":"(anonymous_6)","decl":{"start":{"line":39,"column":2},"end":{"line":39,"column":7}},"loc":{"start":{"line":39,"column":15},"end":{"line":42,"column":3}}},"5":{"name":"(anonymous_7)","decl":{"start":{"line":44,"column":2},"end":{"line":44,"column":7}},"loc":{"start":{"line":44,"column":32},"end":{"line":50,"column":3}}},"6":{"name":"(anonymous_8)","decl":{"start":{"line":52,"column":2},"end":{"line":52,"column":7}},"loc":{"start":{"line":52,"column":62},"end":{"line":86,"column":3}}},"7":{"name":"(anonymous_9)","decl":{"start":{"line":56,"column":45},"end":{"line":56,"column":46}},"loc":{"start":{"line":56,"column":55},"end":{"line":56,"column":66}}},"8":{"name":"(anonymous_10)","decl":{"start":{"line":56,"column":75},"end":{"line":56,"column":76}},"loc":{"start":{"line":56,"column":87},"end":{"line":56,"column":127}}},"9":{"name":"(anonymous_11)","decl":{"start":{"line":57,"column":51},"end":{"line":57,"column":52}},"loc":{"start":{"line":57,"column":64},"end":{"line":57,"column":81}}},"10":{"name":"(anonymous_12)","decl":{"start":{"line":57,"column":90},"end":{"line":57,"column":91}},"loc":{"start":{"line":57,"column":105},"end":{"line":57,"column":151}}},"11":{"name":"(anonymous_13)","decl":{"start":{"line":68,"column":47},"end":{"line":68,"column":48}},"loc":{"start":{"line":68,"column":63},"end":{"line":68,"column":76}}},"12":{"name":"(anonymous_14)","decl":{"start":{"line":71,"column":45},"end":{"line":71,"column":46}},"loc":{"start":{"line":71,"column":58},"end":{"line":71,"column":68}}},"13":{"name":"(anonymous_15)","decl":{"start":{"line":88,"column":2},"end":{"line":88,"column":7}},"loc":{"start":{"line":88,"column":30},"end":{"line":102,"column":3}}},"14":{"name":"(anonymous_16)","decl":{"start":{"line":104,"column":10},"end":{"line":104,"column":15}},"loc":{"start":{"line":104,"column":82},"end":{"line":113,"column":3}}},"15":{"name":"(anonymous_17)","decl":{"start":{"line":107,"column":37},"end":{"line":107,"column":38}},"loc":{"start":{"line":107,"column":50},"end":{"line":107,"column":67}}},"16":{"name":"(anonymous_18)","decl":{"start":{"line":108,"column":35},"end":{"line":108,"column":36}},"loc":{"start":{"line":108,"column":48},"end":{"line":108,"column":95}}},"17":{"name":"(anonymous_19)","decl":{"start":{"line":108,"column":72},"end":{"line":108,"column":73}},"loc":{"start":{"line":108,"column":80},"end":{"line":108,"column":94}}},"18":{"name":"(anonymous_20)","decl":{"start":{"line":115,"column":10},"end":{"line":115,"column":15}},"loc":{"start":{"line":115,"column":76},"end":{"line":124,"column":3}}},"19":{"name":"(anonymous_21)","decl":{"start":{"line":118,"column":30},"end":{"line":118,"column":31}},"loc":{"start":{"line":118,"column":40},"end":{"line":118,"column":51}}},"20":{"name":"(anonymous_22)","decl":{"start":{"line":119,"column":32},"end":{"line":119,"column":33}},"loc":{"start":{"line":119,"column":42},"end":{"line":119,"column":86}}},"21":{"name":"(anonymous_23)","decl":{"start":{"line":119,"column":63},"end":{"line":119,"column":64}},"loc":{"start":{"line":119,"column":71},"end":{"line":119,"column":85}}},"22":{"name":"(anonymous_24)","decl":{"start":{"line":126,"column":10},"end":{"line":126,"column":15}},"loc":{"start":{"line":126,"column":39},"end":{"line":132,"column":3}}}},"branchMap":{"0":{"loc":{"start":{"line":46,"column":4},"end":{"line":48,"column":null}},"type":"if","locations":[{"start":{"line":46,"column":4},"end":{"line":48,"column":null}}]},"1":{"loc":{"start":{"line":129,"column":4},"end":{"line":131,"column":null}},"type":"if","locations":[{"start":{"line":129,"column":4},"end":{"line":131,"column":null}}]}},"s":{"0":1,"1":1,"2":1,"3":1,"4":0,"5":0,"6":0,"7":0,"8":0,"9":0,"10":0,"11":0,"12":0,"13":0,"14":0,"15":0,"16":0,"17":0,"18":0,"19":0,"20":0,"21":0,"22":0,"23":0,"24":0,"25":0,"26":0,"27":0,"28":0,"29":0,"30":0,"31":0,"32":0,"33":0,"34":0,"35":0,"36":0,"37":0,"38":0,"39":0,"40":0,"41":0,"42":0,"43":0,"44":0,"45":0,"46":0,"47":0,"48":0,"49":0,"50":0,"51":0,"52":0,"53":0,"54":0,"55":1,"56":1},"f":{"0":1,"1":0,"2":0,"3":0,"4":0,"5":0,"6":0,"7":0,"8":0,"9":0,"10":0,"11":0,"12":0,"13":0,"14":0,"15":0,"16":0,"17":0,"18":0,"19":0,"20":0,"21":0,"22":0},"b":{"0":[0],"1":[0]}}
,"C:\\Projets\\template-crm\\src\\order\\dto\\create-order.dto.ts": {"path":"C:\\Projets\\template-crm\\src\\order\\dto\\create-order.dto.ts","statementMap":{"0":{"start":{"line":1,"column":0},"end":{"line":1,"column":95}},"1":{"start":{"line":2,"column":0},"end":{"line":2,"column":63}},"2":{"start":{"line":3,"column":0},"end":{"line":3,"column":65}},"3":{"start":{"line":4,"column":0},"end":{"line":4,"column":13}},"4":{"start":{"line":8,"column":13},"end":{"line":8,"column":null}},"5":{"start":{"line":12,"column":13},"end":{"line":12,"column":null}},"6":{"start":{"line":16,"column":13},"end":{"line":16,"column":null}},"7":{"start":{"line":20,"column":13},"end":{"line":20,"column":null}},"8":{"start":{"line":24,"column":13},"end":{"line":24,"column":null}},"9":{"start":{"line":28,"column":13},"end":{"line":28,"column":null}},"10":{"start":{"line":32,"column":13},"end":{"line":32,"column":null}},"11":{"start":{"line":36,"column":13},"end":{"line":36,"column":null}},"12":{"start":{"line":40,"column":13},"end":{"line":40,"column":null}},"13":{"start":{"line":44,"column":13},"end":{"line":44,"column":null}}},"fnMap":{},"branchMap":{},"s":{"0":1,"1":1,"2":1,"3":1,"4":1,"5":1,"6":1,"7":1,"8":1,"9":1,"10":1,"11":1,"12":1,"13":1},"f":{},"b":{}}
,"C:\\Projets\\template-crm\\src\\order\\dto\\output-order.dto.ts": {"path":"C:\\Projets\\template-crm\\src\\order\\dto\\output-order.dto.ts","statementMap":{"0":{"start":{"line":4,"column":0},"end":{"line":4,"column":43}},"1":{"start":{"line":25,"column":7},"end":{"line":25,"column":36}},"2":{"start":{"line":6,"column":0},"end":{"line":6,"column":13}},"3":{"start":{"line":15,"column":13},"end":{"line":15,"column":null}},"4":{"start":{"line":17,"column":13},"end":{"line":17,"column":null}}},"fnMap":{"0":{"name":"(anonymous_2)","decl":{"start":{"line":24,"column":4},"end":{"line":24,"column":16}},"loc":{"start":{"line":24,"column":48},"end":{"line":26,"column":4}}}},"branchMap":{},"s":{"0":1,"1":0,"2":1,"3":1,"4":1},"f":{"0":0},"b":{}}
,"C:\\Projets\\template-crm\\src\\order\\dto\\update-order.dto.ts": {"path":"C:\\Projets\\template-crm\\src\\order\\dto\\update-order.dto.ts","statementMap":{"0":{"start":{"line":1,"column":0},"end":{"line":1,"column":46}},"1":{"start":{"line":2,"column":0},"end":{"line":2,"column":62}},"2":{"start":{"line":4,"column":0},"end":{"line":4,"column":13}}},"fnMap":{},"branchMap":{},"s":{"0":1,"1":1,"2":1},"f":{},"b":{}}
,"C:\\Projets\\template-crm\\src\\order\\entities\\address.entity.ts": {"path":"C:\\Projets\\template-crm\\src\\order\\entities\\address.entity.ts","statementMap":{"0":{"start":{"line":1,"column":0},"end":{"line":1,"column":13}}},"fnMap":{},"branchMap":{},"s":{"0":1},"f":{},"b":{}}
,"C:\\Projets\\template-crm\\src\\order\\entities\\pictures.entity.ts": {"path":"C:\\Projets\\template-crm\\src\\order\\entities\\pictures.entity.ts","statementMap":{"0":{"start":{"line":1,"column":0},"end":{"line":1,"column":13}}},"fnMap":{},"branchMap":{},"s":{"0":1},"f":{},"b":{}}
,"C:\\Projets\\template-crm\\src\\products\\products.controller.ts": {"path":"C:\\Projets\\template-crm\\src\\products\\products.controller.ts","statementMap":{"0":{"start":{"line":1,"column":0},"end":{"line":1,"column":96}},"1":{"start":{"line":2,"column":0},"end":{"line":2,"column":88}},"2":{"start":{"line":3,"column":0},"end":{"line":3,"column":83}},"3":{"start":{"line":4,"column":0},"end":{"line":4,"column":60}},"4":{"start":{"line":5,"column":0},"end":{"line":5,"column":53}},"5":{"start":{"line":6,"column":0},"end":{"line":6,"column":60}},"6":{"start":{"line":7,"column":0},"end":{"line":7,"column":49}},"7":{"start":{"line":8,"column":0},"end":{"line":8,"column":60}},"8":{"start":{"line":12,"column":7},"end":{"line":58,"column":null}},"9":{"start":{"line":13,"column":24},"end":{"line":13,"column":42}},"10":{"start":{"line":21,"column":8},"end":{"line":21,"column":89}},"11":{"start":{"line":30,"column":8},"end":{"line":30,"column":99}},"12":{"start":{"line":37,"column":7},"end":{"line":37,"column":52}},"13":{"start":{"line":38,"column":7},"end":{"line":38,"column":null}},"14":{"start":{"line":46,"column":25},"end":{"line":46,"column":61}},"15":{"start":{"line":47,"column":8},"end":{"line":47,"column":null}},"16":{"start":{"line":47,"column":39},"end":{"line":47,"column":68}},"17":{"start":{"line":55,"column":8},"end":{"line":55,"column":84}},"18":{"start":{"line":12,"column":13},"end":{"line":12,"column":31}},"19":{"start":{"line":20,"column":10},"end":{"line":22,"column":null}},"20":{"start":{"line":29,"column":10},"end":{"line":31,"column":null}},"21":{"start":{"line":36,"column":10},"end":{"line":39,"column":null}},"22":{"start":{"line":45,"column":10},"end":{"line":48,"column":null}},"23":{"start":{"line":54,"column":10},"end":{"line":56,"column":null}},"24":{"start":{"line":12,"column":13},"end":{"line":58,"column":null}}},"fnMap":{"0":{"name":"(anonymous_4)","decl":{"start":{"line":13,"column":4},"end":{"line":13,"column":24}},"loc":{"start":{"line":13,"column":57},"end":{"line":13,"column":60}}},"1":{"name":"(anonymous_5)","decl":{"start":{"line":20,"column":4},"end":{"line":20,"column":9}},"loc":{"start":{"line":20,"column":60},"end":{"line":22,"column":5}}},"2":{"name":"(anonymous_6)","decl":{"start":{"line":29,"column":4},"end":{"line":29,"column":9}},"loc":{"start":{"line":29,"column":92},"end":{"line":31,"column":5}}},"3":{"name":"(anonymous_7)","decl":{"start":{"line":36,"column":4},"end":{"line":36,"column":9}},"loc":{"start":{"line":36,"column":48},"end":{"line":39,"column":5}}},"4":{"name":"(anonymous_8)","decl":{"start":{"line":45,"column":4},"end":{"line":45,"column":9}},"loc":{"start":{"line":45,"column":17},"end":{"line":48,"column":5}}},"5":{"name":"(anonymous_9)","decl":{"start":{"line":47,"column":28},"end":{"line":47,"column":35}},"loc":{"start":{"line":47,"column":39},"end":{"line":47,"column":68}}},"6":{"name":"(anonymous_10)","decl":{"start":{"line":54,"column":4},"end":{"line":54,"column":9}},"loc":{"start":{"line":54,"column":50},"end":{"line":56,"column":5}}}},"branchMap":{},"s":{"0":1,"1":1,"2":1,"3":1,"4":1,"5":1,"6":1,"7":1,"8":1,"9":1,"10":2,"11":1,"12":1,"13":1,"14":1,"15":1,"16":2,"17":2,"18":1,"19":1,"20":1,"21":1,"22":1,"23":1,"24":1},"f":{"0":1,"1":2,"2":1,"3":1,"4":1,"5":2,"6":2},"b":{}}
,"C:\\Projets\\template-crm\\src\\products\\products.module.ts": {"path":"C:\\Projets\\template-crm\\src\\products\\products.module.ts","statementMap":{"0":{"start":{"line":1,"column":0},"end":{"line":1,"column":40}},"1":{"start":{"line":2,"column":0},"end":{"line":2,"column":53}},"2":{"start":{"line":3,"column":0},"end":{"line":3,"column":40}},"3":{"start":{"line":9,"column":7},"end":{"line":9,"column":null}},"4":{"start":{"line":9,"column":13},"end":{"line":9,"column":27}},"5":{"start":{"line":9,"column":13},"end":{"line":9,"column":null}}},"fnMap":{},"branchMap":{},"s":{"0":1,"1":1,"2":1,"3":1,"4":1,"5":1},"f":{},"b":{}}
,"C:\\Projets\\template-crm\\src\\products\\products.service.ts": {"path":"C:\\Projets\\template-crm\\src\\products\\products.service.ts","statementMap":{"0":{"start":{"line":1,"column":0},"end":{"line":1,"column":82}},"1":{"start":{"line":3,"column":0},"end":{"line":3,"column":74}},"2":{"start":{"line":8,"column":7},"end":{"line":41,"column":null}},"3":{"start":{"line":9,"column":33},"end":{"line":9,"column":54}},"4":{"start":{"line":12,"column":23},"end":{"line":12,"column":35}},"5":{"start":{"line":13,"column":29},"end":{"line":13,"column":99}},"6":{"start":{"line":14,"column":8},"end":{"line":16,"column":null}},"7":{"start":{"line":15,"column":12},"end":{"line":15,"column":65}},"8":{"start":{"line":17,"column":8},"end":{"line":17,"column":83}},"9":{"start":{"line":21,"column":8},"end":{"line":21,"column":null}},"10":{"start":{"line":22,"column":8},"end":{"line":22,"column":111}},"11":{"start":{"line":26,"column":8},"end":{"line":26,"column":null}},"12":{"start":{"line":27,"column":8},"end":{"line":27,"column":null}},"13":{"start":{"line":31,"column":24},"end":{"line":31,"column":126}},"14":{"start":{"line":32,"column":8},"end":{"line":34,"column":null}},"15":{"start":{"line":33,"column":12},"end":{"line":33,"column":78}},"16":{"start":{"line":35,"column":8},"end":{"line":35,"column":23}},"17":{"start":{"line":39,"column":8},"end":{"line":39,"column":88}},"18":{"start":{"line":8,"column":13},"end":{"line":8,"column":28}},"19":{"start":{"line":8,"column":13},"end":{"line":41,"column":null}}},"fnMap":{"0":{"name":"(anonymous_2)","decl":{"start":{"line":9,"column":4},"end":{"line":9,"column":33}},"loc":{"start":{"line":9,"column":73},"end":{"line":9,"column":76}}},"1":{"name":"(anonymous_3)","decl":{"start":{"line":11,"column":4},"end":{"line":11,"column":9}},"loc":{"start":{"line":11,"column":47},"end":{"line":18,"column":5}}},"2":{"name":"(anonymous_4)","decl":{"start":{"line":20,"column":4},"end":{"line":20,"column":9}},"loc":{"start":{"line":20,"column":67},"end":{"line":23,"column":5}}},"3":{"name":"(anonymous_5)","decl":{"start":{"line":25,"column":4},"end":{"line":25,"column":9}},"loc":{"start":{"line":25,"column":35},"end":{"line":28,"column":5}}},"4":{"name":"(anonymous_6)","decl":{"start":{"line":30,"column":4},"end":{"line":30,"column":9}},"loc":{"start":{"line":30,"column":37},"end":{"line":36,"column":5}}},"5":{"name":"(anonymous_7)","decl":{"start":{"line":38,"column":4},"end":{"line":38,"column":9}},"loc":{"start":{"line":38,"column":17},"end":{"line":40,"column":5}}}},"branchMap":{"0":{"loc":{"start":{"line":14,"column":8},"end":{"line":16,"column":null}},"type":"if","locations":[{"start":{"line":14,"column":8},"end":{"line":16,"column":null}}]},"1":{"loc":{"start":{"line":32,"column":8},"end":{"line":34,"column":null}},"type":"if","locations":[{"start":{"line":32,"column":8},"end":{"line":34,"column":null}}]}},"s":{"0":1,"1":1,"2":1,"3":2,"4":2,"5":2,"6":2,"7":1,"8":1,"9":1,"10":1,"11":1,"12":1,"13":4,"14":4,"15":1,"16":3,"17":1,"18":1,"19":1},"f":{"0":2,"1":2,"2":1,"3":1,"4":4,"5":1},"b":{"0":[1],"1":[1]}}
,"C:\\Projets\\template-crm\\src\\products\\dto\\create-product.dto.ts": {"path":"C:\\Projets\\template-crm\\src\\products\\dto\\create-product.dto.ts","statementMap":{"0":{"start":{"line":1,"column":0},"end":{"line":1,"column":69}},"1":{"start":{"line":2,"column":0},"end":{"line":2,"column":46}},"2":{"start":{"line":3,"column":0},"end":{"line":3,"column":13}},"3":{"start":{"line":7,"column":13},"end":{"line":7,"column":null}},"4":{"start":{"line":11,"column":13},"end":{"line":11,"column":null}},"5":{"start":{"line":15,"column":13},"end":{"line":15,"column":null}}},"fnMap":{},"branchMap":{},"s":{"0":1,"1":1,"2":1,"3":1,"4":1,"5":1},"f":{},"b":{}}
,"C:\\Projets\\template-crm\\src\\products\\dto\\output-product.dto.ts": {"path":"C:\\Projets\\template-crm\\src\\products\\dto\\output-product.dto.ts","statementMap":{"0":{"start":{"line":1,"column":0},"end":{"line":1,"column":43}},"1":{"start":{"line":3,"column":0},"end":{"line":3,"column":43}},"2":{"start":{"line":23,"column":8},"end":{"line":23,"column":37}},"3":{"start":{"line":4,"column":0},"end":{"line":4,"column":13}},"4":{"start":{"line":6,"column":5},"end":{"line":6,"column":null}},"5":{"start":{"line":8,"column":5},"end":{"line":8,"column":null}},"6":{"start":{"line":10,"column":5},"end":{"line":10,"column":null}},"7":{"start":{"line":12,"column":5},"end":{"line":12,"column":null}},"8":{"start":{"line":14,"column":5},"end":{"line":14,"column":null}},"9":{"start":{"line":16,"column":5},"end":{"line":16,"column":null}},"10":{"start":{"line":18,"column":5},"end":{"line":18,"column":null}},"11":{"start":{"line":20,"column":5},"end":{"line":20,"column":null}}},"fnMap":{"0":{"name":"(anonymous_2)","decl":{"start":{"line":22,"column":5},"end":{"line":22,"column":17}},"loc":{"start":{"line":22,"column":51},"end":{"line":24,"column":5}}}},"branchMap":{},"s":{"0":1,"1":1,"2":5,"3":1,"4":1,"5":1,"6":1,"7":1,"8":1,"9":1,"10":1,"11":1},"f":{"0":5},"b":{}}
,"C:\\Projets\\template-crm\\src\\products\\dto\\update-product.dto.ts": {"path":"C:\\Projets\\template-crm\\src\\products\\dto\\update-product.dto.ts","statementMap":{"0":{"start":{"line":1,"column":0},"end":{"line":1,"column":62}},"1":{"start":{"line":2,"column":0},"end":{"line":2,"column":46}},"2":{"start":{"line":4,"column":0},"end":{"line":4,"column":13}}},"fnMap":{},"branchMap":{},"s":{"0":1,"1":1,"2":1},"f":{},"b":{}}
,"C:\\Projets\\template-crm\\src\\repositories\\repositories.module.ts": {"path":"C:\\Projets\\template-crm\\src\\repositories\\repositories.module.ts","statementMap":{"0":{"start":{"line":1,"column":0},"end":{"line":1,"column":48}},"1":{"start":{"line":2,"column":0},"end":{"line":2,"column":61}},"2":{"start":{"line":8,"column":7},"end":{"line":8,"column":null}},"3":{"start":{"line":8,"column":13},"end":{"line":8,"column":31}},"4":{"start":{"line":8,"column":13},"end":{"line":8,"column":null}}},"fnMap":{},"branchMap":{},"s":{"0":1,"1":1,"2":1,"3":1,"4":1},"f":{},"b":{}}
,"C:\\Projets\\template-crm\\src\\repositories\\repositories.service.ts": {"path":"C:\\Projets\\template-crm\\src\\repositories\\repositories.service.ts","statementMap":{"0":{"start":{"line":1,"column":0},"end":{"line":1,"column":44}},"1":{"start":{"line":2,"column":0},"end":{"line":2,"column":52}},"2":{"start":{"line":3,"column":0},"end":{"line":3,"column":46}},"3":{"start":{"line":5,"column":7},"end":{"line":17,"column":null}},"4":{"start":{"line":7,"column":8},"end":{"line":15,"column":null}},"5":{"start":{"line":5,"column":13},"end":{"line":5,"column":32}},"6":{"start":{"line":5,"column":13},"end":{"line":17,"column":null}}},"fnMap":{"0":{"name":"(anonymous_2)","decl":{"start":{"line":6,"column":4},"end":{"line":6,"column":16}},"loc":{"start":{"line":6,"column":44},"end":{"line":16,"column":5}}}},"branchMap":{},"s":{"0":1,"1":1,"2":1,"3":1,"4":1,"5":1,"6":1},"f":{"0":1},"b":{}}
,"C:\\Projets\\template-crm\\src\\suppliers\\suppliers.controller.ts": {"path":"C:\\Projets\\template-crm\\src\\suppliers\\suppliers.controller.ts","statementMap":{"0":{"start":{"line":1,"column":0},"end":{"line":1,"column":137}},"1":{"start":{"line":2,"column":0},"end":{"line":2,"column":55}},"2":{"start":{"line":3,"column":0},"end":{"line":3,"column":49}},"3":{"start":{"line":4,"column":0},"end":{"line":4,"column":62}},"4":{"start":{"line":5,"column":0},"end":{"line":5,"column":62}},"5":{"start":{"line":9,"column":7},"end":{"line":52,"column":null}},"6":{"start":{"line":10,"column":31},"end":{"line":10,"column":49}},"7":{"start":{"line":17,"column":4},"end":{"line":17,"column":88}},"8":{"start":{"line":25,"column":22},"end":{"line":25,"column":59}},"9":{"start":{"line":26,"column":4},"end":{"line":26,"column":70}},"10":{"start":{"line":26,"column":37},"end":{"line":26,"column":68}},"11":{"start":{"line":34,"column":4},"end":{"line":34,"column":83}},"12":{"start":{"line":42,"column":4},"end":{"line":42,"column":100}},"13":{"start":{"line":49,"column":4},"end":{"line":49,"column":51}},"14":{"start":{"line":50,"column":4},"end":{"line":50,"column":44}},"15":{"start":{"line":9,"column":13},"end":{"line":9,"column":32}},"16":{"start":{"line":15,"column":8},"end":{"line":18,"column":null}},"17":{"start":{"line":23,"column":8},"end":{"line":27,"column":null}},"18":{"start":{"line":32,"column":8},"end":{"line":35,"column":null}},"19":{"start":{"line":40,"column":8},"end":{"line":43,"column":null}},"20":{"start":{"line":47,"column":8},"end":{"line":51,"column":null}},"21":{"start":{"line":9,"column":13},"end":{"line":52,"column":null}}},"fnMap":{"0":{"name":"(anonymous_4)","decl":{"start":{"line":10,"column":2},"end":{"line":10,"column":31}},"loc":{"start":{"line":10,"column":65},"end":{"line":10,"column":69}}},"1":{"name":"(anonymous_5)","decl":{"start":{"line":15,"column":2},"end":{"line":15,"column":7}},"loc":{"start":{"line":15,"column":59},"end":{"line":18,"column":3}}},"2":{"name":"(anonymous_6)","decl":{"start":{"line":23,"column":2},"end":{"line":23,"column":7}},"loc":{"start":{"line":23,"column":15},"end":{"line":27,"column":3}}},"3":{"name":"(anonymous_7)","decl":{"start":{"line":26,"column":25},"end":{"line":26,"column":33}},"loc":{"start":{"line":26,"column":37},"end":{"line":26,"column":68}}},"4":{"name":"(anonymous_8)","decl":{"start":{"line":32,"column":2},"end":{"line":32,"column":7}},"loc":{"start":{"line":32,"column":47},"end":{"line":35,"column":3}}},"5":{"name":"(anonymous_9)","decl":{"start":{"line":40,"column":2},"end":{"line":40,"column":7}},"loc":{"start":{"line":40,"column":92},"end":{"line":43,"column":3}}},"6":{"name":"(anonymous_10)","decl":{"start":{"line":47,"column":2},"end":{"line":47,"column":7}},"loc":{"start":{"line":47,"column":46},"end":{"line":51,"column":3}}}},"branchMap":{},"s":{"0":1,"1":1,"2":1,"3":1,"4":1,"5":1,"6":1,"7":2,"8":1,"9":1,"10":2,"11":2,"12":1,"13":1,"14":1,"15":1,"16":1,"17":1,"18":1,"19":1,"20":1,"21":1},"f":{"0":1,"1":2,"2":1,"3":2,"4":2,"5":1,"6":1},"b":{}}
,"C:\\Projets\\template-crm\\src\\suppliers\\suppliers.module.ts": {"path":"C:\\Projets\\template-crm\\src\\suppliers\\suppliers.module.ts","statementMap":{"0":{"start":{"line":1,"column":0},"end":{"line":1,"column":40}},"1":{"start":{"line":2,"column":0},"end":{"line":2,"column":55}},"2":{"start":{"line":3,"column":0},"end":{"line":3,"column":61}},"3":{"start":{"line":4,"column":0},"end":{"line":4,"column":40}},"4":{"start":{"line":11,"column":7},"end":{"line":11,"column":null}},"5":{"start":{"line":11,"column":13},"end":{"line":11,"column":28}},"6":{"start":{"line":11,"column":13},"end":{"line":11,"column":null}}},"fnMap":{},"branchMap":{},"s":{"0":1,"1":1,"2":1,"3":1,"4":1,"5":1,"6":1},"f":{},"b":{}}
,"C:\\Projets\\template-crm\\src\\suppliers\\suppliers.service.ts": {"path":"C:\\Projets\\template-crm\\src\\suppliers\\suppliers.service.ts","statementMap":{"0":{"start":{"line":1,"column":0},"end":{"line":1,"column":82}},"1":{"start":{"line":2,"column":0},"end":{"line":2,"column":74}},"2":{"start":{"line":8,"column":7},"end":{"line":46,"column":null}},"3":{"start":{"line":9,"column":31},"end":{"line":9,"column":52}},"4":{"start":{"line":13,"column":27},"end":{"line":13,"column":44}},"5":{"start":{"line":14,"column":30},"end":{"line":14,"column":117}},"6":{"start":{"line":15,"column":8},"end":{"line":17,"column":null}},"7":{"start":{"line":16,"column":12},"end":{"line":16,"column":66}},"8":{"start":{"line":18,"column":8},"end":{"line":18,"column":89}},"9":{"start":{"line":23,"column":4},"end":{"line":23,"column":63}},"10":{"start":{"line":28,"column":23},"end":{"line":28,"column":108}},"11":{"start":{"line":29,"column":6},"end":{"line":31,"column":null}},"12":{"start":{"line":30,"column":10},"end":{"line":30,"column":78}},"13":{"start":{"line":32,"column":6},"end":{"line":32,"column":22}},"14":{"start":{"line":37,"column":6},"end":{"line":37,"column":null}},"15":{"start":{"line":38,"column":6},"end":{"line":38,"column":118}},"16":{"start":{"line":43,"column":6},"end":{"line":43,"column":null}},"17":{"start":{"line":44,"column":6},"end":{"line":44,"column":null}},"18":{"start":{"line":8,"column":13},"end":{"line":8,"column":29}},"19":{"start":{"line":8,"column":13},"end":{"line":46,"column":null}}},"fnMap":{"0":{"name":"(anonymous_2)","decl":{"start":{"line":9,"column":2},"end":{"line":9,"column":31}},"loc":{"start":{"line":9,"column":71},"end":{"line":9,"column":74}}},"1":{"name":"(anonymous_3)","decl":{"start":{"line":11,"column":2},"end":{"line":11,"column":7}},"loc":{"start":{"line":11,"column":51},"end":{"line":19,"column":3}}},"2":{"name":"(anonymous_4)","decl":{"start":{"line":21,"column":2},"end":{"line":21,"column":7}},"loc":{"start":{"line":21,"column":15},"end":{"line":24,"column":3}}},"3":{"name":"(anonymous_5)","decl":{"start":{"line":26,"column":2},"end":{"line":26,"column":7}},"loc":{"start":{"line":26,"column":35},"end":{"line":33,"column":3}}},"4":{"name":"(anonymous_6)","decl":{"start":{"line":35,"column":2},"end":{"line":35,"column":7}},"loc":{"start":{"line":35,"column":71},"end":{"line":39,"column":3}}},"5":{"name":"(anonymous_7)","decl":{"start":{"line":41,"column":1},"end":{"line":41,"column":6}},"loc":{"start":{"line":41,"column":32},"end":{"line":45,"column":3}}}},"branchMap":{"0":{"loc":{"start":{"line":15,"column":8},"end":{"line":17,"column":null}},"type":"if","locations":[{"start":{"line":15,"column":8},"end":{"line":17,"column":null}}]},"1":{"loc":{"start":{"line":29,"column":6},"end":{"line":31,"column":null}},"type":"if","locations":[{"start":{"line":29,"column":6},"end":{"line":31,"column":null}}]}},"s":{"0":1,"1":1,"2":1,"3":1,"4":2,"5":2,"6":2,"7":1,"8":1,"9":1,"10":4,"11":4,"12":1,"13":3,"14":1,"15":1,"16":1,"17":1,"18":1,"19":1},"f":{"0":1,"1":2,"2":1,"3":4,"4":1,"5":1},"b":{"0":[1],"1":[1]}}
,"C:\\Projets\\template-crm\\src\\suppliers\\dto\\create-supplier.dto.ts": {"path":"C:\\Projets\\template-crm\\src\\suppliers\\dto\\create-supplier.dto.ts","statementMap":{"0":{"start":{"line":1,"column":0},"end":{"line":1,"column":51}},"1":{"start":{"line":2,"column":0},"end":{"line":2,"column":13}},"2":{"start":{"line":5,"column":13},"end":{"line":5,"column":null}}},"fnMap":{},"branchMap":{},"s":{"0":1,"1":1,"2":1},"f":{},"b":{}}
,"C:\\Projets\\template-crm\\src\\suppliers\\dto\\output-supplier.dto.ts": {"path":"C:\\Projets\\template-crm\\src\\suppliers\\dto\\output-supplier.dto.ts","statementMap":{"0":{"start":{"line":6,"column":7},"end":{"line":6,"column":36}},"1":{"start":{"line":1,"column":0},"end":{"line":1,"column":13}}},"fnMap":{"0":{"name":"(anonymous_0)","decl":{"start":{"line":5,"column":4},"end":{"line":5,"column":16}},"loc":{"start":{"line":5,"column":51},"end":{"line":7,"column":4}}}},"branchMap":{},"s":{"0":5,"1":1},"f":{"0":5},"b":{}}
,"C:\\Projets\\template-crm\\src\\users\\users.controller.ts": {"path":"C:\\Projets\\template-crm\\src\\users\\users.controller.ts","statementMap":{"0":{"start":{"line":1,"column":0},"end":{"line":1,"column":135}},"1":{"start":{"line":2,"column":0},"end":{"line":2,"column":54}},"2":{"start":{"line":3,"column":0},"end":{"line":3,"column":47}},"3":{"start":{"line":4,"column":0},"end":{"line":4,"column":54}},"4":{"start":{"line":5,"column":0},"end":{"line":5,"column":71}},"5":{"start":{"line":6,"column":0},"end":{"line":6,"column":54}},"6":{"start":{"line":7,"column":0},"end":{"line":7,"column":43}},"7":{"start":{"line":10,"column":7},"end":{"line":61,"column":null}},"8":{"start":{"line":11,"column":33},"end":{"line":11,"column":47}},"9":{"start":{"line":16,"column":8},"end":{"line":16,"column":79}},"10":{"start":{"line":22,"column":8},"end":{"line":22,"column":null}},"11":{"start":{"line":29,"column":8},"end":{"line":29,"column":76}},"12":{"start":{"line":30,"column":8},"end":{"line":30,"column":47}},"13":{"start":{"line":37,"column":8},"end":{"line":37,"column":75}},"14":{"start":{"line":44,"column":8},"end":{"line":44,"column":86}},"15":{"start":{"line":51,"column":8},"end":{"line":51,"column":46}},"16":{"start":{"line":52,"column":8},"end":{"line":52,"column":null}},"17":{"start":{"line":58,"column":8},"end":{"line":58,"column":38}},"18":{"start":{"line":10,"column":13},"end":{"line":10,"column":28}},"19":{"start":{"line":15,"column":10},"end":{"line":17,"column":null}},"20":{"start":{"line":21,"column":10},"end":{"line":23,"column":null}},"21":{"start":{"line":28,"column":10},"end":{"line":31,"column":null}},"22":{"start":{"line":36,"column":10},"end":{"line":38,"column":null}},"23":{"start":{"line":43,"column":10},"end":{"line":45,"column":null}},"24":{"start":{"line":50,"column":10},"end":{"line":53,"column":null}},"25":{"start":{"line":57,"column":4},"end":{"line":59,"column":null}},"26":{"start":{"line":10,"column":13},"end":{"line":61,"column":null}}},"fnMap":{"0":{"name":"(anonymous_4)","decl":{"start":{"line":11,"column":4},"end":{"line":11,"column":33}},"loc":{"start":{"line":11,"column":59},"end":{"line":11,"column":62}}},"1":{"name":"(anonymous_5)","decl":{"start":{"line":15,"column":4},"end":{"line":15,"column":9}},"loc":{"start":{"line":15,"column":54},"end":{"line":17,"column":5}}},"2":{"name":"(anonymous_6)","decl":{"start":{"line":21,"column":4},"end":{"line":21,"column":9}},"loc":{"start":{"line":21,"column":54},"end":{"line":23,"column":5}}},"3":{"name":"(anonymous_7)","decl":{"start":{"line":28,"column":4},"end":{"line":28,"column":9}},"loc":{"start":{"line":28,"column":108},"end":{"line":31,"column":5}}},"4":{"name":"(anonymous_8)","decl":{"start":{"line":36,"column":4},"end":{"line":36,"column":9}},"loc":{"start":{"line":36,"column":48},"end":{"line":38,"column":5}}},"5":{"name":"(anonymous_9)","decl":{"start":{"line":43,"column":4},"end":{"line":43,"column":9}},"loc":{"start":{"line":43,"column":84},"end":{"line":45,"column":5}}},"6":{"name":"(anonymous_10)","decl":{"start":{"line":50,"column":4},"end":{"line":50,"column":9}},"loc":{"start":{"line":50,"column":45},"end":{"line":53,"column":5}}},"7":{"name":"(anonymous_11)","decl":{"start":{"line":57,"column":4},"end":{"line":57,"column":10}},"loc":{"start":{"line":57,"column":10},"end":{"line":59,"column":5}}}},"branchMap":{},"s":{"0":1,"1":1,"2":1,"3":1,"4":1,"5":1,"6":1,"7":1,"8":1,"9":1,"10":2,"11":1,"12":1,"13":1,"14":1,"15":1,"16":1,"17":0,"18":1,"19":1,"20":1,"21":1,"22":1,"23":1,"24":1,"25":1,"26":1},"f":{"0":1,"1":1,"2":2,"3":1,"4":1,"5":1,"6":1,"7":0},"b":{}}
,"C:\\Projets\\template-crm\\src\\users\\users.guard.ts": {"path":"C:\\Projets\\template-crm\\src\\users\\users.guard.ts","statementMap":{"0":{"start":{"line":1,"column":0},"end":{"line":1,"column":null}},"1":{"start":{"line":7,"column":2},"end":{"line":7,"column":43}},"2":{"start":{"line":8,"column":2},"end":{"line":8,"column":49}},"3":{"start":{"line":12,"column":9},"end":{"line":39,"column":null}},"4":{"start":{"line":13,"column":24},"end":{"line":13,"column":36}},"5":{"start":{"line":13,"column":56},"end":{"line":13,"column":72}},"6":{"start":{"line":16,"column":22},"end":{"line":16,"column":57}},"7":{"start":{"line":17,"column":20},"end":{"line":17,"column":56}},"8":{"start":{"line":18,"column":6},"end":{"line":20,"column":null}},"9":{"start":{"line":19,"column":8},"end":{"line":19,"column":42}},"10":{"start":{"line":21,"column":6},"end":{"line":31,"column":null}},"11":{"start":{"line":22,"column":24},"end":{"line":26,"column":null}},"12":{"start":{"line":28,"column":8},"end":{"line":28,"column":34}},"13":{"start":{"line":30,"column":8},"end":{"line":30,"column":42}},"14":{"start":{"line":32,"column":6},"end":{"line":32,"column":18}},"15":{"start":{"line":36,"column":28},"end":{"line":36,"column":75}},"16":{"start":{"line":37,"column":6},"end":{"line":37,"column":51}},"17":{"start":{"line":12,"column":15},"end":{"line":12,"column":25}},"18":{"start":{"line":12,"column":15},"end":{"line":39,"column":null}}},"fnMap":{"0":{"name":"(anonymous_2)","decl":{"start":{"line":13,"column":4},"end":{"line":13,"column":24}},"loc":{"start":{"line":13,"column":85},"end":{"line":13,"column":89}}},"1":{"name":"(anonymous_3)","decl":{"start":{"line":15,"column":4},"end":{"line":15,"column":9}},"loc":{"start":{"line":15,"column":47},"end":{"line":33,"column":5}}},"2":{"name":"(anonymous_4)","decl":{"start":{"line":35,"column":12},"end":{"line":35,"column":34}},"loc":{"start":{"line":35,"column":51},"end":{"line":38,"column":5}}}},"branchMap":{"0":{"loc":{"start":{"line":18,"column":6},"end":{"line":20,"column":null}},"type":"if","locations":[{"start":{"line":18,"column":6},"end":{"line":20,"column":null}}]},"1":{"loc":{"start":{"line":36,"column":28},"end":{"line":36,"column":75}},"type":"cond-expr","locations":[{"start":{"line":36,"column":69},"end":{"line":36,"column":73}},{"start":{"line":36,"column":73},"end":{"line":36,"column":75}}]},"2":{"loc":{"start":{"line":36,"column":28},"end":{"line":36,"column":73}},"type":"binary-expr","locations":[{"start":{"line":36,"column":28},"end":{"line":36,"column":73}},{"start":{"line":36,"column":69},"end":{"line":36,"column":73}}]},"3":{"loc":{"start":{"line":36,"column":28},"end":{"line":36,"column":69}},"type":"cond-expr","locations":[{"start":{"line":36,"column":57},"end":{"line":36,"column":59}},{"start":{"line":36,"column":57},"end":{"line":36,"column":69}}]},"4":{"loc":{"start":{"line":36,"column":28},"end":{"line":36,"column":59}},"type":"binary-expr","locations":[{"start":{"line":36,"column":28},"end":{"line":36,"column":59}},{"start":{"line":36,"column":57},"end":{"line":36,"column":59}}]},"5":{"loc":{"start":{"line":37,"column":13},"end":{"line":37,"column":50}},"type":"cond-expr","locations":[{"start":{"line":37,"column":33},"end":{"line":37,"column":38}},{"start":{"line":37,"column":41},"end":{"line":37,"column":50}}]}},"s":{"0":1,"1":1,"2":1,"3":1,"4":4,"5":4,"6":18,"7":18,"8":18,"9":0,"10":18,"11":18,"12":18,"13":0,"14":18,"15":18,"16":18,"17":1,"18":1},"f":{"0":4,"1":18,"2":18},"b":{"0":[0],"1":[18,0],"2":[18,18],"3":[0,18],"4":[18,18],"5":[18,0]}}
,"C:\\Projets\\template-crm\\src\\users\\users.module.ts": {"path":"C:\\Projets\\template-crm\\src\\users\\users.module.ts","statementMap":{"0":{"start":{"line":1,"column":0},"end":{"line":1,"column":40}},"1":{"start":{"line":2,"column":0},"end":{"line":2,"column":47}},"2":{"start":{"line":3,"column":0},"end":{"line":3,"column":40}},"3":{"start":{"line":4,"column":0},"end":{"line":4,"column":53}},"4":{"start":{"line":5,"column":0},"end":{"line":5,"column":61}},"5":{"start":{"line":23,"column":7},"end":{"line":23,"column":null}},"6":{"start":{"line":23,"column":13},"end":{"line":23,"column":24}},"7":{"start":{"line":23,"column":13},"end":{"line":23,"column":null}},"8":{"start":{"line":12,"column":53},"end":{"line":15,"column":8}}},"fnMap":{"0":{"name":"(anonymous_1)","decl":{"start":{"line":12,"column":18},"end":{"line":12,"column":19}},"loc":{"start":{"line":12,"column":53},"end":{"line":15,"column":8}}}},"branchMap":{},"s":{"0":1,"1":1,"2":1,"3":1,"4":1,"5":1,"6":1,"7":1,"8":1},"f":{"0":1},"b":{}}
,"C:\\Projets\\template-crm\\src\\users\\users.service.ts": {"path":"C:\\Projets\\template-crm\\src\\users\\users.service.ts","statementMap":{"0":{"start":{"line":1,"column":0},"end":{"line":1,"column":105}},"1":{"start":{"line":2,"column":0},"end":{"line":2,"column":74}},"2":{"start":{"line":4,"column":0},"end":{"line":4,"column":33}},"3":{"start":{"line":5,"column":0},"end":{"line":5,"column":52}},"4":{"start":{"line":8,"column":0},"end":{"line":8,"column":41}},"5":{"start":{"line":12,"column":7},"end":{"line":81,"column":null}},"6":{"start":{"line":13,"column":33},"end":{"line":13,"column":54}},"7":{"start":{"line":13,"column":83},"end":{"line":13,"column":99}},"8":{"start":{"line":13,"column":122},"end":{"line":13,"column":135}},"9":{"start":{"line":16,"column":8},"end":{"line":21,"column":null}},"10":{"start":{"line":17,"column":25},"end":{"line":17,"column":94}},"11":{"start":{"line":18,"column":12},"end":{"line":18,"column":52}},"12":{"start":{"line":20,"column":12},"end":{"line":20,"column":86}},"13":{"start":{"line":25,"column":33},"end":{"line":25,"column":46}},"14":{"start":{"line":26,"column":26},"end":{"line":26,"column":95}},"15":{"start":{"line":27,"column":8},"end":{"line":29,"column":null}},"16":{"start":{"line":28,"column":12},"end":{"line":28,"column":62}},"17":{"start":{"line":30,"column":8},"end":{"line":30,"column":67}},"18":{"start":{"line":31,"column":8},"end":{"line":31,"column":81}},"19":{"start":{"line":35,"column":33},"end":{"line":35,"column":46}},"20":{"start":{"line":36,"column":26},"end":{"line":36,"column":95}},"21":{"start":{"line":37,"column":8},"end":{"line":39,"column":null}},"22":{"start":{"line":38,"column":12},"end":{"line":38,"column":58}},"23":{"start":{"line":40,"column":8},"end":{"line":42,"column":null}},"24":{"start":{"line":41,"column":12},"end":{"line":41,"column":77}},"25":{"start":{"line":43,"column":24},"end":{"line":43,"column":46}},"26":{"start":{"line":44,"column":8},"end":{"line":47,"column":null}},"27":{"start":{"line":51,"column":26},"end":{"line":51,"column":53}},"28":{"start":{"line":52,"column":25},"end":{"line":52,"column":99}},"29":{"start":{"line":53,"column":8},"end":{"line":55,"column":null}},"30":{"start":{"line":54,"column":12},"end":{"line":54,"column":73}},"31":{"start":{"line":56,"column":28},"end":{"line":56,"column":86}},"32":{"start":{"line":57,"column":8},"end":{"line":57,"column":112}},"33":{"start":{"line":61,"column":8},"end":{"line":61,"column":36}},"34":{"start":{"line":62,"column":8},"end":{"line":62,"column":103}},"35":{"start":{"line":66,"column":8},"end":{"line":66,"column":43}},"36":{"start":{"line":70,"column":8},"end":{"line":70,"column":36}},"37":{"start":{"line":71,"column":8},"end":{"line":71,"column":null}},"38":{"start":{"line":75,"column":21},"end":{"line":75,"column":93}},"39":{"start":{"line":76,"column":8},"end":{"line":78,"column":null}},"40":{"start":{"line":77,"column":12},"end":{"line":77,"column":72}},"41":{"start":{"line":79,"column":8},"end":{"line":79,"column":20}},"42":{"start":{"line":12,"column":13},"end":{"line":12,"column":25}},"43":{"start":{"line":12,"column":13},"end":{"line":81,"column":null}}},"fnMap":{"0":{"name":"(anonymous_2)","decl":{"start":{"line":13,"column":4},"end":{"line":13,"column":33}},"loc":{"start":{"line":13,"column":145},"end":{"line":13,"column":148}}},"1":{"name":"(anonymous_3)","decl":{"start":{"line":15,"column":12},"end":{"line":15,"column":17}},"loc":{"start":{"line":15,"column":48},"end":{"line":22,"column":5}}},"2":{"name":"(anonymous_4)","decl":{"start":{"line":24,"column":4},"end":{"line":24,"column":9}},"loc":{"start":{"line":24,"column":47},"end":{"line":32,"column":5}}},"3":{"name":"(anonymous_5)","decl":{"start":{"line":34,"column":4},"end":{"line":34,"column":9}},"loc":{"start":{"line":34,"column":46},"end":{"line":48,"column":5}}},"4":{"name":"(anonymous_6)","decl":{"start":{"line":50,"column":4},"end":{"line":50,"column":9}},"loc":{"start":{"line":50,"column":87},"end":{"line":58,"column":5}}},"5":{"name":"(anonymous_7)","decl":{"start":{"line":60,"column":4},"end":{"line":60,"column":9}},"loc":{"start":{"line":60,"column":63},"end":{"line":63,"column":5}}},"6":{"name":"(anonymous_8)","decl":{"start":{"line":65,"column":4},"end":{"line":65,"column":9}},"loc":{"start":{"line":65,"column":33},"end":{"line":67,"column":5}}},"7":{"name":"(anonymous_9)","decl":{"start":{"line":69,"column":4},"end":{"line":69,"column":9}},"loc":{"start":{"line":69,"column":32},"end":{"line":72,"column":5}}},"8":{"name":"(anonymous_10)","decl":{"start":{"line":74,"column":4},"end":{"line":74,"column":9}},"loc":{"start":{"line":74,"column":34},"end":{"line":80,"column":5}}}},"branchMap":{"0":{"loc":{"start":{"line":27,"column":8},"end":{"line":29,"column":null}},"type":"if","locations":[{"start":{"line":27,"column":8},"end":{"line":29,"column":null}}]},"1":{"loc":{"start":{"line":37,"column":8},"end":{"line":39,"column":null}},"type":"if","locations":[{"start":{"line":37,"column":8},"end":{"line":39,"column":null}}]},"2":{"loc":{"start":{"line":40,"column":8},"end":{"line":42,"column":null}},"type":"if","locations":[{"start":{"line":40,"column":8},"end":{"line":42,"column":null}}]},"3":{"loc":{"start":{"line":53,"column":8},"end":{"line":55,"column":null}},"type":"if","locations":[{"start":{"line":53,"column":8},"end":{"line":55,"column":null}}]},"4":{"loc":{"start":{"line":76,"column":8},"end":{"line":78,"column":null}},"type":"if","locations":[{"start":{"line":76,"column":8},"end":{"line":78,"column":null}}]}},"s":{"0":1,"1":1,"2":1,"3":1,"4":1,"5":1,"6":1,"7":1,"8":1,"9":2,"10":2,"11":2,"12":0,"13":1,"14":1,"15":1,"16":0,"17":1,"18":1,"19":2,"20":2,"21":2,"22":0,"23":2,"24":0,"25":2,"26":2,"27":1,"28":1,"29":1,"30":0,"31":1,"32":1,"33":1,"34":1,"35":1,"36":1,"37":1,"38":4,"39":4,"40":0,"41":4,"42":1,"43":1},"f":{"0":1,"1":2,"2":1,"3":2,"4":1,"5":1,"6":1,"7":1,"8":4},"b":{"0":[0],"1":[0],"2":[0],"3":[0],"4":[0]}}
,"C:\\Projets\\template-crm\\src\\users\\dto\\create-user.dto.ts": {"path":"C:\\Projets\\template-crm\\src\\users\\dto\\create-user.dto.ts","statementMap":{"0":{"start":{"line":1,"column":0},"end":{"line":1,"column":70}},"1":{"start":{"line":2,"column":0},"end":{"line":2,"column":13}},"2":{"start":{"line":5,"column":13},"end":{"line":5,"column":null}},"3":{"start":{"line":8,"column":4},"end":{"line":8,"column":null}},"4":{"start":{"line":11,"column":13},"end":{"line":11,"column":null}},"5":{"start":{"line":14,"column":13},"end":{"line":14,"column":null}}},"fnMap":{},"branchMap":{},"s":{"0":1,"1":1,"2":1,"3":1,"4":1,"5":1},"f":{},"b":{}}
,"C:\\Projets\\template-crm\\src\\users\\dto\\output-user.dto.ts": {"path":"C:\\Projets\\template-crm\\src\\users\\dto\\output-user.dto.ts","statementMap":{"0":{"start":{"line":1,"column":0},"end":{"line":1,"column":44}},"1":{"start":{"line":11,"column":8},"end":{"line":11,"column":37}},"2":{"start":{"line":2,"column":0},"end":{"line":2,"column":13}},"3":{"start":{"line":8,"column":5},"end":{"line":8,"column":null}}},"fnMap":{"0":{"name":"(anonymous_2)","decl":{"start":{"line":10,"column":5},"end":{"line":10,"column":17}},"loc":{"start":{"line":10,"column":48},"end":{"line":12,"column":5}}}},"branchMap":{},"s":{"0":1,"1":5,"2":1,"3":1},"f":{"0":5},"b":{}}
,"C:\\Projets\\template-crm\\src\\users\\dto\\update-user-password.dto.ts": {"path":"C:\\Projets\\template-crm\\src\\users\\dto\\update-user-password.dto.ts","statementMap":{"0":{"start":{"line":1,"column":0},"end":{"line":1,"column":51}},"1":{"start":{"line":2,"column":0},"end":{"line":2,"column":13}},"2":{"start":{"line":5,"column":13},"end":{"line":5,"column":null}},"3":{"start":{"line":8,"column":13},"end":{"line":8,"column":null}}},"fnMap":{},"branchMap":{},"s":{"0":1,"1":1,"2":1,"3":1},"f":{},"b":{}}
,"C:\\Projets\\template-crm\\src\\users\\dto\\update-user.dto.ts": {"path":"C:\\Projets\\template-crm\\src\\users\\dto\\update-user.dto.ts","statementMap":{"0":{"start":{"line":1,"column":0},"end":{"line":1,"column":46}},"1":{"start":{"line":2,"column":0},"end":{"line":2,"column":50}},"2":{"start":{"line":4,"column":0},"end":{"line":4,"column":13}}},"fnMap":{},"branchMap":{},"s":{"0":1,"1":1,"2":1},"f":{},"b":{}}
}
