TN:
SF:src\order\order.controller.ts
FN:9,(anonymous_4)
FN:13,(anonymous_5)
FN:20,(anonymous_6)
FN:23,(anonymous_7)
FN:28,(anonymous_8)
FN:34,(anonymous_9)
FN:40,(anonymous_10)
FNF:7
FNH:7
FNDA:5,(anonymous_4)
FNDA:1,(anonymous_5)
FNDA:1,(anonymous_6)
FNDA:1,(anonymous_7)
FNDA:1,(anonymous_8)
FNDA:1,(anonymous_9)
FNDA:1,(anonymous_10)
DA:1,1
DA:2,1
DA:3,1
DA:4,1
DA:5,1
DA:8,1
DA:9,5
DA:13,1
DA:15,1
DA:20,1
DA:22,1
DA:23,1
DA:28,1
DA:29,1
DA:34,1
DA:36,1
DA:40,1
DA:41,1
DA:42,1
LF:19
LH:19
BRF:0
BRH:0
end_of_record
TN:
SF:src\order\order.service.ts
FN:10,(anonymous_2)
FN:12,(anonymous_3)
FN:25,(anonymous_4)
FN:28,(anonymous_5)
FN:39,(anonymous_6)
FN:44,(anonymous_7)
FN:52,(anonymous_8)
FN:56,(anonymous_9)
FN:56,(anonymous_10)
FN:57,(anonymous_11)
FN:57,(anonymous_12)
FN:68,(anonymous_13)
FN:71,(anonymous_14)
FN:88,(anonymous_15)
FN:104,(anonymous_16)
FN:107,(anonymous_17)
FN:108,(anonymous_18)
FN:108,(anonymous_19)
FN:115,(anonymous_20)
FN:118,(anonymous_21)
FN:119,(anonymous_22)
FN:119,(anonymous_23)
FN:126,(anonymous_24)
FNF:23
FNH:19
FNDA:10,(anonymous_2)
FNDA:3,(anonymous_3)
FNDA:2,(anonymous_4)
FNDA:2,(anonymous_5)
FNDA:1,(anonymous_6)
FNDA:6,(anonymous_7)
FNDA:2,(anonymous_8)
FNDA:0,(anonymous_9)
FNDA:0,(anonymous_10)
FNDA:0,(anonymous_11)
FNDA:0,(anonymous_12)
FNDA:2,(anonymous_13)
FNDA:2,(anonymous_14)
FNDA:2,(anonymous_15)
FNDA:2,(anonymous_16)
FNDA:2,(anonymous_17)
FNDA:2,(anonymous_18)
FNDA:2,(anonymous_19)
FNDA:2,(anonymous_20)
FNDA:2,(anonymous_21)
FNDA:2,(anonymous_22)
FNDA:2,(anonymous_23)
FNDA:3,(anonymous_24)
DA:1,2
DA:4,2
DA:8,2
DA:10,10
DA:14,3
DA:16,3
DA:18,2
DA:19,2
DA:25,2
DA:28,2
DA:35,1
DA:41,1
DA:45,6
DA:46,6
DA:47,1
DA:49,5
DA:54,2
DA:56,2
DA:57,2
DA:59,2
DA:60,2
DA:68,2
DA:71,2
DA:78,1
DA:80,1
DA:82,1
DA:84,1
DA:90,2
DA:91,2
DA:92,2
DA:96,1
DA:97,1
DA:98,1
DA:100,1
DA:106,2
DA:107,2
DA:108,2
DA:109,2
DA:117,2
DA:118,2
DA:119,2
DA:120,2
DA:128,3
DA:129,3
DA:130,1
LF:45
LH:45
BRDA:46,0,0,1
BRDA:129,1,0,1
BRF:2
BRH:2
end_of_record
TN:
SF:src\order\dto\create-order.dto.ts
FNF:0
FNH:0
DA:1,1
DA:2,1
DA:3,1
DA:4,1
DA:8,1
DA:12,1
DA:16,1
DA:20,1
DA:24,1
DA:28,1
DA:32,1
DA:36,1
DA:40,1
DA:44,1
LF:14
LH:14
BRF:0
BRH:0
end_of_record
TN:
SF:src\order\dto\outputOrder.ts
FN:24,(anonymous_2)
FNF:1
FNH:1
FNDA:4,(anonymous_2)
DA:4,1
DA:6,1
DA:15,1
DA:17,1
DA:25,4
LF:5
LH:5
BRF:0
BRH:0
end_of_record
TN:
SF:src\order\dto\update-order.dto.ts
FNF:0
FNH:0
DA:1,1
DA:2,1
DA:4,1
LF:3
LH:3
BRF:0
BRH:0
end_of_record
TN:
SF:src\order\entities\address.entity.ts
FNF:0
FNH:0
DA:1,1
LF:1
LH:1
BRF:0
BRH:0
end_of_record
TN:
SF:src\order\entities\pictures.entity.ts
FNF:0
FNH:0
DA:1,1
LF:1
LH:1
BRF:0
BRH:0
end_of_record
TN:
SF:src\order\mocks\order.service.mock.ts
FN:3,(anonymous_0)
FNF:1
FNH:1
FNDA:5,(anonymous_0)
DA:1,1
DA:3,1
DA:4,5
DA:5,5
DA:6,5
DA:7,5
DA:8,5
LF:7
LH:7
BRF:0
BRH:0
end_of_record
TN:
SF:src\order\mocks\entitiesMock\entities.mock.ts
FNF:0
FNH:0
DA:6,2
DA:12,2
DA:19,2
DA:26,2
DA:39,2
DA:57,2
LF:6
LH:6
BRF:0
BRH:0
end_of_record
TN:
SF:src\repositories\repositories.service.ts
FN:6,(anonymous_2)
FNF:1
FNH:0
FNDA:0,(anonymous_2)
DA:1,2
DA:2,2
DA:3,2
DA:5,2
DA:7,0
LF:5
LH:4
BRF:0
BRH:0
end_of_record
TN:
SF:src\repositories\mocks\repositories.service.mock.ts
FN:3,(anonymous_0)
FNF:1
FNH:1
FNDA:10,(anonymous_0)
DA:1,1
DA:3,1
DA:4,10
DA:13,10
DA:18,10
LF:5
LH:5
BRF:0
BRH:0
end_of_record
