TN:
SF:src\app.controller.ts
FN:6,(anonymous_2)
FN:9,(anonymous_3)
FNF:2
FNH:2
FNDA:1,(anonymous_2)
FNDA:1,(anonymous_3)
DA:1,1
DA:2,1
DA:5,1
DA:6,1
DA:9,1
DA:10,1
LF:6
LH:6
BRF:0
BRH:0
end_of_record
TN:
SF:src\app.service.ts
FN:5,(anonymous_1)
FNF:1
FNH:1
FNDA:1,(anonymous_1)
DA:1,1
DA:4,1
DA:6,1
LF:3
LH:3
BRF:0
BRH:0
end_of_record
TN:
SF:src\order\order.controller.ts
FN:10,(anonymous_4)
FN:15,(anonymous_5)
FN:23,(anonymous_6)
FN:26,(anonymous_7)
FN:32,(anonymous_8)
FN:39,(anonymous_9)
FN:46,(anonymous_10)
FNF:7
FNH:7
FNDA:5,(anonymous_4)
FNDA:1,(anonymous_5)
FNDA:1,(anonymous_6)
FNDA:1,(anonymous_7)
FNDA:1,(anonymous_8)
FNDA:1,(anonymous_9)
FNDA:1,(anonymous_10)
DA:1,1
DA:2,1
DA:3,1
DA:4,1
DA:5,1
DA:6,1
DA:9,1
DA:10,5
DA:15,1
DA:17,1
DA:23,1
DA:25,1
DA:26,1
DA:32,1
DA:33,1
DA:39,1
DA:41,1
DA:46,1
DA:47,1
DA:48,1
LF:20
LH:20
BRF:0
BRH:0
end_of_record
TN:
SF:src\order\order.service.ts
FN:10,(anonymous_2)
FN:12,(anonymous_3)
FN:25,(anonymous_4)
FN:28,(anonymous_5)
FN:39,(anonymous_6)
FN:44,(anonymous_7)
FN:52,(anonymous_8)
FN:56,(anonymous_9)
FN:56,(anonymous_10)
FN:57,(anonymous_11)
FN:57,(anonymous_12)
FN:68,(anonymous_13)
FN:71,(anonymous_14)
FN:88,(anonymous_15)
FN:104,(anonymous_16)
FN:107,(anonymous_17)
FN:108,(anonymous_18)
FN:108,(anonymous_19)
FN:115,(anonymous_20)
FN:118,(anonymous_21)
FN:119,(anonymous_22)
FN:119,(anonymous_23)
FN:126,(anonymous_24)
FNF:23
FNH:19
FNDA:10,(anonymous_2)
FNDA:3,(anonymous_3)
FNDA:2,(anonymous_4)
FNDA:2,(anonymous_5)
FNDA:1,(anonymous_6)
FNDA:6,(anonymous_7)
FNDA:2,(anonymous_8)
FNDA:0,(anonymous_9)
FNDA:0,(anonymous_10)
FNDA:0,(anonymous_11)
FNDA:0,(anonymous_12)
FNDA:2,(anonymous_13)
FNDA:2,(anonymous_14)
FNDA:2,(anonymous_15)
FNDA:2,(anonymous_16)
FNDA:2,(anonymous_17)
FNDA:2,(anonymous_18)
FNDA:2,(anonymous_19)
FNDA:2,(anonymous_20)
FNDA:2,(anonymous_21)
FNDA:2,(anonymous_22)
FNDA:2,(anonymous_23)
FNDA:3,(anonymous_24)
DA:1,2
DA:4,2
DA:8,2
DA:10,10
DA:14,3
DA:16,3
DA:18,2
DA:19,2
DA:25,2
DA:28,2
DA:35,1
DA:41,1
DA:45,6
DA:46,6
DA:47,1
DA:49,5
DA:54,2
DA:56,2
DA:57,2
DA:59,2
DA:60,2
DA:68,2
DA:71,2
DA:78,1
DA:80,1
DA:82,1
DA:84,1
DA:90,2
DA:91,2
DA:92,2
DA:96,1
DA:97,1
DA:98,1
DA:100,1
DA:106,2
DA:107,2
DA:108,2
DA:109,2
DA:117,2
DA:118,2
DA:119,2
DA:120,2
DA:128,3
DA:129,3
DA:130,1
LF:45
LH:45
BRDA:46,0,0,1
BRDA:129,1,0,1
BRF:2
BRH:2
end_of_record
TN:
SF:src\order\dto\create-order.dto.ts
FNF:0
FNH:0
DA:1,2
DA:2,2
DA:3,2
DA:4,2
DA:8,2
DA:12,2
DA:16,2
DA:20,2
DA:24,2
DA:28,2
DA:32,2
DA:36,2
DA:40,2
DA:44,2
LF:14
LH:14
BRF:0
BRH:0
end_of_record
TN:
SF:src\order\dto\output-order.dto.ts
FN:24,(anonymous_2)
FNF:1
FNH:1
FNDA:4,(anonymous_2)
DA:4,1
DA:6,1
DA:15,1
DA:17,1
DA:25,4
LF:5
LH:5
BRF:0
BRH:0
end_of_record
TN:
SF:src\order\dto\update-order.dto.ts
FNF:0
FNH:0
DA:1,1
DA:2,1
DA:4,1
LF:3
LH:3
BRF:0
BRH:0
end_of_record
TN:
SF:src\order\entities\address.entity.ts
FNF:0
FNH:0
DA:1,2
LF:1
LH:1
BRF:0
BRH:0
end_of_record
TN:
SF:src\order\entities\pictures.entity.ts
FNF:0
FNH:0
DA:1,2
LF:1
LH:1
BRF:0
BRH:0
end_of_record
TN:
SF:src\order\mocks\order.service.mock.ts
FN:3,(anonymous_0)
FNF:1
FNH:1
FNDA:5,(anonymous_0)
DA:1,1
DA:3,1
DA:4,5
DA:5,5
DA:6,5
DA:7,5
DA:8,5
LF:7
LH:7
BRF:0
BRH:0
end_of_record
TN:
SF:src\order\mocks\entitiesMock\entities.mock.ts
FNF:0
FNH:0
DA:6,3
DA:12,3
DA:19,3
DA:26,3
DA:39,3
DA:57,3
LF:6
LH:6
BRF:0
BRH:0
end_of_record
TN:
SF:src\products\products.controller.ts
FN:13,(anonymous_4)
FN:20,(anonymous_5)
FN:29,(anonymous_6)
FN:36,(anonymous_7)
FN:45,(anonymous_8)
FN:47,(anonymous_9)
FN:54,(anonymous_10)
FNF:7
FNH:7
FNDA:5,(anonymous_4)
FNDA:1,(anonymous_5)
FNDA:1,(anonymous_6)
FNDA:1,(anonymous_7)
FNDA:1,(anonymous_8)
FNDA:1,(anonymous_9)
FNDA:1,(anonymous_10)
DA:1,1
DA:2,1
DA:3,1
DA:4,1
DA:5,1
DA:6,1
DA:7,1
DA:8,1
DA:12,1
DA:13,5
DA:20,1
DA:21,1
DA:29,1
DA:30,1
DA:36,1
DA:37,1
DA:38,1
DA:45,1
DA:46,1
DA:47,1
DA:54,1
DA:55,1
LF:22
LH:22
BRF:0
BRH:0
end_of_record
TN:
SF:src\products\products.service.ts
FN:9,(anonymous_2)
FN:11,(anonymous_3)
FN:20,(anonymous_4)
FN:25,(anonymous_5)
FN:30,(anonymous_6)
FN:38,(anonymous_7)
FNF:6
FNH:6
FNDA:7,(anonymous_2)
FNDA:2,(anonymous_3)
FNDA:1,(anonymous_4)
FNDA:1,(anonymous_5)
FNDA:4,(anonymous_6)
FNDA:1,(anonymous_7)
DA:1,2
DA:3,2
DA:8,2
DA:9,7
DA:12,2
DA:13,2
DA:14,2
DA:15,1
DA:17,1
DA:21,1
DA:22,1
DA:26,1
DA:27,1
DA:31,4
DA:32,4
DA:33,1
DA:35,3
DA:39,1
LF:18
LH:18
BRDA:14,0,0,1
BRDA:32,1,0,1
BRF:2
BRH:2
end_of_record
TN:
SF:src\products\dto\create-product.dto.ts
FNF:0
FNH:0
DA:1,1
DA:2,1
DA:3,1
DA:7,1
DA:11,1
DA:15,1
LF:6
LH:6
BRF:0
BRH:0
end_of_record
TN:
SF:src\products\dto\output-product.dto.ts
FN:22,(anonymous_2)
FNF:1
FNH:1
FNDA:4,(anonymous_2)
DA:1,1
DA:3,1
DA:4,1
DA:6,1
DA:8,1
DA:10,1
DA:12,1
DA:14,1
DA:16,1
DA:18,1
DA:20,1
DA:23,4
LF:12
LH:12
BRF:0
BRH:0
end_of_record
TN:
SF:src\products\dto\update-product.dto.ts
FNF:0
FNH:0
DA:1,1
DA:2,1
DA:4,1
LF:3
LH:3
BRF:0
BRH:0
end_of_record
TN:
SF:src\products\mocks\product.entity.mock.ts
FNF:0
FNH:0
DA:3,3
DA:12,3
DA:21,3
LF:3
LH:3
BRF:0
BRH:0
end_of_record
TN:
SF:src\products\mocks\product.service.mock.ts
FN:3,(anonymous_0)
FNF:1
FNH:1
FNDA:5,(anonymous_0)
DA:1,1
DA:3,1
DA:4,5
DA:5,5
DA:6,5
DA:7,5
DA:8,5
LF:7
LH:7
BRF:0
BRH:0
end_of_record
TN:
SF:src\repositories\repositories.service.ts
FN:6,(anonymous_2)
FNF:1
FNH:1
FNDA:1,(anonymous_2)
DA:1,5
DA:2,5
DA:3,5
DA:5,5
DA:7,1
LF:5
LH:5
BRF:0
BRH:0
end_of_record
TN:
SF:src\repositories\mocks\repositories.service.mock.ts
FN:4,(anonymous_0)
FNF:1
FNH:1
FNDA:17,(anonymous_0)
DA:1,2
DA:2,2
DA:4,2
DA:5,17
DA:14,17
DA:24,17
LF:6
LH:6
BRF:0
BRH:0
end_of_record
TN:
SF:src\users\users.guard.ts
FN:13,(anonymous_2)
FN:15,(anonymous_3)
FN:35,(anonymous_4)
FNF:3
FNH:1
FNDA:10,(anonymous_2)
FNDA:0,(anonymous_3)
FNDA:0,(anonymous_4)
DA:1,2
DA:7,2
DA:8,2
DA:12,2
DA:13,10
DA:16,0
DA:17,0
DA:18,0
DA:19,0
DA:21,0
DA:22,0
DA:28,0
DA:30,0
DA:32,0
DA:36,0
DA:37,0
LF:16
LH:5
BRDA:18,0,0,0
BRDA:36,1,0,0
BRDA:36,1,1,0
BRDA:36,2,0,0
BRDA:36,2,1,0
BRDA:36,3,0,0
BRDA:36,3,1,0
BRDA:36,4,0,0
BRDA:36,4,1,0
BRDA:37,5,0,0
BRDA:37,5,1,0
BRF:11
BRH:0
end_of_record
